ERROR - 2026-07-20 06:18:55 --> Error connecting to the database: Exception: Unable to open database: unable to open database file in /home/miaronr/Documents/S4/mr_rojo/mobile_money_exam_s4/system/Database/SQLite3/Connection.php:111
Stack trace:
#0 /home/miaronr/Documents/S4/mr_rojo/mobile_money_exam_s4/system/Database/SQLite3/Connection.php(111): SQLite3->__construct()
#1 /home/miaronr/Documents/S4/mr_rojo/mobile_money_exam_s4/system/Database/BaseConnection.php(555): CodeIgniter\Database\SQLite3\Connection->connect()
#2 /home/miaronr/Documents/S4/mr_rojo/mobile_money_exam_s4/system/Database/SQLite3/Connection.php(74): CodeIgniter\Database\BaseConnection->initialize()
#3 /home/miaronr/Documents/S4/mr_rojo/mobile_money_exam_s4/system/Database/BaseConnection.php(795): CodeIgniter\Database\SQLite3\Connection->initialize()
#4 /home/miaronr/Documents/S4/mr_rojo/mobile_money_exam_s4/system/Database/BaseConnection.php(1706): CodeIgniter\Database\BaseConnection->query()
#5 /home/miaronr/Documents/S4/mr_rojo/mobile_money_exam_s4/system/Database/BaseConnection.php(1726): CodeIgniter\Database\BaseConnection->listTables()
#6 /home/miaronr/Documents/S4/mr_rojo/mobile_money_exam_s4/system/Database/MigrationRunner.php(821): CodeIgniter\Database\BaseConnection->tableExists()
#7 /home/miaronr/Documents/S4/mr_rojo/mobile_money_exam_s4/system/Database/MigrationRunner.php(173): CodeIgniter\Database\MigrationRunner->ensureTable()
#8 /home/miaronr/Documents/S4/mr_rojo/mobile_money_exam_s4/system/Commands/Database/Migrate.php(89): CodeIgniter\Database\MigrationRunner->latest()
#9 /home/miaronr/Documents/S4/mr_rojo/mobile_money_exam_s4/system/CLI/SignalTrait.php(245): CodeIgniter\Commands\Database\Migrate::{closure:CodeIgniter\Commands\Database\Migrate::run():88}()
#10 /home/miaronr/Documents/S4/mr_rojo/mobile_money_exam_s4/system/Commands/Database/Migrate.php(88): CodeIgniter\Commands\Database\Migrate->withSignalsBlocked()
#11 /home/miaronr/Documents/S4/mr_rojo/mobile_money_exam_s4/system/CLI/Commands.php(72): CodeIgniter\Commands\Database\Migrate->run()
#12 /home/miaronr/Documents/S4/mr_rojo/mobile_money_exam_s4/system/CLI/Console.php(47): CodeIgniter\CLI\Commands->run()
#13 /home/miaronr/Documents/S4/mr_rojo/mobile_money_exam_s4/system/Boot.php(444): CodeIgniter\CLI\Console->run()
#14 /home/miaronr/Documents/S4/mr_rojo/mobile_money_exam_s4/system/Boot.php(166): CodeIgniter\Boot::runCommand()
#15 /home/miaronr/Documents/S4/mr_rojo/mobile_money_exam_s4/spark(87): CodeIgniter\Boot::bootSpark()
#16 {main}

Next CodeIgniter\Database\Exceptions\DatabaseException: SQLite3 error: Unable to open database: unable to open database file in /home/miaronr/Documents/S4/mr_rojo/mobile_money_exam_s4/system/Database/SQLite3/Connection.php:118
Stack trace:
#0 /home/miaronr/Documents/S4/mr_rojo/mobile_money_exam_s4/system/Database/BaseConnection.php(555): CodeIgniter\Database\SQLite3\Connection->connect()
#1 /home/miaronr/Documents/S4/mr_rojo/mobile_money_exam_s4/system/Database/SQLite3/Connection.php(74): CodeIgniter\Database\BaseConnection->initialize()
#2 /home/miaronr/Documents/S4/mr_rojo/mobile_money_exam_s4/system/Database/BaseConnection.php(795): CodeIgniter\Database\SQLite3\Connection->initialize()
#3 /home/miaronr/Documents/S4/mr_rojo/mobile_money_exam_s4/system/Database/BaseConnection.php(1706): CodeIgniter\Database\BaseConnection->query()
#4 /home/miaronr/Documents/S4/mr_rojo/mobile_money_exam_s4/system/Database/BaseConnection.php(1726): CodeIgniter\Database\BaseConnection->listTables()
#5 /home/miaronr/Documents/S4/mr_rojo/mobile_money_exam_s4/system/Database/MigrationRunner.php(821): CodeIgniter\Database\BaseConnection->tableExists()
#6 /home/miaronr/Documents/S4/mr_rojo/mobile_money_exam_s4/system/Database/MigrationRunner.php(173): CodeIgniter\Database\MigrationRunner->ensureTable()
#7 /home/miaronr/Documents/S4/mr_rojo/mobile_money_exam_s4/system/Commands/Database/Migrate.php(89): CodeIgniter\Database\MigrationRunner->latest()
#8 /home/miaronr/Documents/S4/mr_rojo/mobile_money_exam_s4/system/CLI/SignalTrait.php(245): CodeIgniter\Commands\Database\Migrate::{closure:CodeIgniter\Commands\Database\Migrate::run():88}()
#9 /home/miaronr/Documents/S4/mr_rojo/mobile_money_exam_s4/system/Commands/Database/Migrate.php(88): CodeIgniter\Commands\Database\Migrate->withSignalsBlocked()
#10 /home/miaronr/Documents/S4/mr_rojo/mobile_money_exam_s4/system/CLI/Commands.php(72): CodeIgniter\Commands\Database\Migrate->run()
#11 /home/miaronr/Documents/S4/mr_rojo/mobile_money_exam_s4/system/CLI/Console.php(47): CodeIgniter\CLI\Commands->run()
#12 /home/miaronr/Documents/S4/mr_rojo/mobile_money_exam_s4/system/Boot.php(444): CodeIgniter\CLI\Console->run()
#13 /home/miaronr/Documents/S4/mr_rojo/mobile_money_exam_s4/system/Boot.php(166): CodeIgniter\Boot::runCommand()
#14 /home/miaronr/Documents/S4/mr_rojo/mobile_money_exam_s4/spark(87): CodeIgniter\Boot::bootSpark()
#15 {main}
ERROR - 2026-07-20 06:28:39 --> Error connecting to the database: Exception: Unable to open database: unable to open database file in /home/miaronr/Documents/S4/mr_rojo/mobile_money_exam_s4/system/Database/SQLite3/Connection.php:111
Stack trace:
#0 /home/miaronr/Documents/S4/mr_rojo/mobile_money_exam_s4/system/Database/SQLite3/Connection.php(111): SQLite3->__construct()
#1 /home/miaronr/Documents/S4/mr_rojo/mobile_money_exam_s4/system/Database/BaseConnection.php(555): CodeIgniter\Database\SQLite3\Connection->connect()
#2 /home/miaronr/Documents/S4/mr_rojo/mobile_money_exam_s4/system/Database/SQLite3/Connection.php(74): CodeIgniter\Database\BaseConnection->initialize()
#3 /home/miaronr/Documents/S4/mr_rojo/mobile_money_exam_s4/system/Database/BaseConnection.php(795): CodeIgniter\Database\SQLite3\Connection->initialize()
#4 /home/miaronr/Documents/S4/mr_rojo/mobile_money_exam_s4/app/Controllers/Home.php(11): CodeIgniter\Database\BaseConnection->query()
#5 /home/miaronr/Documents/S4/mr_rojo/mobile_money_exam_s4/system/CodeIgniter.php(974): App\Controllers\Home->index()
#6 /home/miaronr/Documents/S4/mr_rojo/mobile_money_exam_s4/system/CodeIgniter.php(520): CodeIgniter\CodeIgniter->runController()
#7 /home/miaronr/Documents/S4/mr_rojo/mobile_money_exam_s4/system/CodeIgniter.php(363): CodeIgniter\CodeIgniter->handleRequest()
#8 /home/miaronr/Documents/S4/mr_rojo/mobile_money_exam_s4/system/Boot.php(417): CodeIgniter\CodeIgniter->run()
#9 /home/miaronr/Documents/S4/mr_rojo/mobile_money_exam_s4/system/Boot.php(68): CodeIgniter\Boot::runCodeIgniter()
#10 /home/miaronr/Documents/S4/mr_rojo/mobile_money_exam_s4/public/index.php(59): CodeIgniter\Boot::bootWeb()
#11 /home/miaronr/Documents/S4/mr_rojo/mobile_money_exam_s4/system/rewrite.php(44): require_once('...')
#12 {main}

Next CodeIgniter\Database\Exceptions\DatabaseException: SQLite3 error: Unable to open database: unable to open database file in /home/miaronr/Documents/S4/mr_rojo/mobile_money_exam_s4/system/Database/SQLite3/Connection.php:118
Stack trace:
#0 /home/miaronr/Documents/S4/mr_rojo/mobile_money_exam_s4/system/Database/BaseConnection.php(555): CodeIgniter\Database\SQLite3\Connection->connect()
#1 /home/miaronr/Documents/S4/mr_rojo/mobile_money_exam_s4/system/Database/SQLite3/Connection.php(74): CodeIgniter\Database\BaseConnection->initialize()
#2 /home/miaronr/Documents/S4/mr_rojo/mobile_money_exam_s4/system/Database/BaseConnection.php(795): CodeIgniter\Database\SQLite3\Connection->initialize()
#3 /home/miaronr/Documents/S4/mr_rojo/mobile_money_exam_s4/app/Controllers/Home.php(11): CodeIgniter\Database\BaseConnection->query()
#4 /home/miaronr/Documents/S4/mr_rojo/mobile_money_exam_s4/system/CodeIgniter.php(974): App\Controllers\Home->index()
#5 /home/miaronr/Documents/S4/mr_rojo/mobile_money_exam_s4/system/CodeIgniter.php(520): CodeIgniter\CodeIgniter->runController()
#6 /home/miaronr/Documents/S4/mr_rojo/mobile_money_exam_s4/system/CodeIgniter.php(363): CodeIgniter\CodeIgniter->handleRequest()
#7 /home/miaronr/Documents/S4/mr_rojo/mobile_money_exam_s4/system/Boot.php(417): CodeIgniter\CodeIgniter->run()
#8 /home/miaronr/Documents/S4/mr_rojo/mobile_money_exam_s4/system/Boot.php(68): CodeIgniter\Boot::runCodeIgniter()
#9 /home/miaronr/Documents/S4/mr_rojo/mobile_money_exam_s4/public/index.php(59): CodeIgniter\Boot::bootWeb()
#10 /home/miaronr/Documents/S4/mr_rojo/mobile_money_exam_s4/system/rewrite.php(44): require_once('...')
#11 {main}
ERROR - 2026-07-20 06:28:40 --> Error connecting to the database: Exception: Unable to open database: unable to open database file in /home/miaronr/Documents/S4/mr_rojo/mobile_money_exam_s4/system/Database/SQLite3/Connection.php:111
Stack trace:
#0 /home/miaronr/Documents/S4/mr_rojo/mobile_money_exam_s4/system/Database/SQLite3/Connection.php(111): SQLite3->__construct()
#1 /home/miaronr/Documents/S4/mr_rojo/mobile_money_exam_s4/system/Database/BaseConnection.php(555): CodeIgniter\Database\SQLite3\Connection->connect()
#2 /home/miaronr/Documents/S4/mr_rojo/mobile_money_exam_s4/system/Database/SQLite3/Connection.php(74): CodeIgniter\Database\BaseConnection->initialize()
#3 /home/miaronr/Documents/S4/mr_rojo/mobile_money_exam_s4/system/Database/BaseConnection.php(795): CodeIgniter\Database\SQLite3\Connection->initialize()
#4 /home/miaronr/Documents/S4/mr_rojo/mobile_money_exam_s4/app/Controllers/Home.php(11): CodeIgniter\Database\BaseConnection->query()
#5 /home/miaronr/Documents/S4/mr_rojo/mobile_money_exam_s4/system/CodeIgniter.php(974): App\Controllers\Home->index()
#6 /home/miaronr/Documents/S4/mr_rojo/mobile_money_exam_s4/system/CodeIgniter.php(520): CodeIgniter\CodeIgniter->runController()
#7 /home/miaronr/Documents/S4/mr_rojo/mobile_money_exam_s4/system/CodeIgniter.php(363): CodeIgniter\CodeIgniter->handleRequest()
#8 /home/miaronr/Documents/S4/mr_rojo/mobile_money_exam_s4/system/Boot.php(417): CodeIgniter\CodeIgniter->run()
#9 /home/miaronr/Documents/S4/mr_rojo/mobile_money_exam_s4/system/Boot.php(68): CodeIgniter\Boot::runCodeIgniter()
#10 /home/miaronr/Documents/S4/mr_rojo/mobile_money_exam_s4/public/index.php(59): CodeIgniter\Boot::bootWeb()
#11 /home/miaronr/Documents/S4/mr_rojo/mobile_money_exam_s4/system/rewrite.php(44): require_once('...')
#12 {main}

Next CodeIgniter\Database\Exceptions\DatabaseException: SQLite3 error: Unable to open database: unable to open database file in /home/miaronr/Documents/S4/mr_rojo/mobile_money_exam_s4/system/Database/SQLite3/Connection.php:118
Stack trace:
#0 /home/miaronr/Documents/S4/mr_rojo/mobile_money_exam_s4/system/Database/BaseConnection.php(555): CodeIgniter\Database\SQLite3\Connection->connect()
#1 /home/miaronr/Documents/S4/mr_rojo/mobile_money_exam_s4/system/Database/SQLite3/Connection.php(74): CodeIgniter\Database\BaseConnection->initialize()
#2 /home/miaronr/Documents/S4/mr_rojo/mobile_money_exam_s4/system/Database/BaseConnection.php(795): CodeIgniter\Database\SQLite3\Connection->initialize()
#3 /home/miaronr/Documents/S4/mr_rojo/mobile_money_exam_s4/app/Controllers/Home.php(11): CodeIgniter\Database\BaseConnection->query()
#4 /home/miaronr/Documents/S4/mr_rojo/mobile_money_exam_s4/system/CodeIgniter.php(974): App\Controllers\Home->index()
#5 /home/miaronr/Documents/S4/mr_rojo/mobile_money_exam_s4/system/CodeIgniter.php(520): CodeIgniter\CodeIgniter->runController()
#6 /home/miaronr/Documents/S4/mr_rojo/mobile_money_exam_s4/system/CodeIgniter.php(363): CodeIgniter\CodeIgniter->handleRequest()
#7 /home/miaronr/Documents/S4/mr_rojo/mobile_money_exam_s4/system/Boot.php(417): CodeIgniter\CodeIgniter->run()
#8 /home/miaronr/Documents/S4/mr_rojo/mobile_money_exam_s4/system/Boot.php(68): CodeIgniter\Boot::runCodeIgniter()
#9 /home/miaronr/Documents/S4/mr_rojo/mobile_money_exam_s4/public/index.php(59): CodeIgniter\Boot::bootWeb()
#10 /home/miaronr/Documents/S4/mr_rojo/mobile_money_exam_s4/system/rewrite.php(44): require_once('...')
#11 {main}
ERROR - 2026-07-20 06:28:40 --> Error connecting to the database: Exception: Unable to open database: unable to open database file in /home/miaronr/Documents/S4/mr_rojo/mobile_money_exam_s4/system/Database/SQLite3/Connection.php:111
Stack trace:
#0 /home/miaronr/Documents/S4/mr_rojo/mobile_money_exam_s4/system/Database/SQLite3/Connection.php(111): SQLite3->__construct()
#1 /home/miaronr/Documents/S4/mr_rojo/mobile_money_exam_s4/system/Database/BaseConnection.php(555): CodeIgniter\Database\SQLite3\Connection->connect()
#2 /home/miaronr/Documents/S4/mr_rojo/mobile_money_exam_s4/system/Database/SQLite3/Connection.php(74): CodeIgniter\Database\BaseConnection->initialize()
#3 /home/miaronr/Documents/S4/mr_rojo/mobile_money_exam_s4/system/Database/BaseConnection.php(795): CodeIgniter\Database\SQLite3\Connection->initialize()
#4 /home/miaronr/Documents/S4/mr_rojo/mobile_money_exam_s4/app/Controllers/Home.php(11): CodeIgniter\Database\BaseConnection->query()
#5 /home/miaronr/Documents/S4/mr_rojo/mobile_money_exam_s4/system/CodeIgniter.php(974): App\Controllers\Home->index()
#6 /home/miaronr/Documents/S4/mr_rojo/mobile_money_exam_s4/system/CodeIgniter.php(520): CodeIgniter\CodeIgniter->runController()
#7 /home/miaronr/Documents/S4/mr_rojo/mobile_money_exam_s4/system/CodeIgniter.php(363): CodeIgniter\CodeIgniter->handleRequest()
#8 /home/miaronr/Documents/S4/mr_rojo/mobile_money_exam_s4/system/Boot.php(417): CodeIgniter\CodeIgniter->run()
#9 /home/miaronr/Documents/S4/mr_rojo/mobile_money_exam_s4/system/Boot.php(68): CodeIgniter\Boot::runCodeIgniter()
#10 /home/miaronr/Documents/S4/mr_rojo/mobile_money_exam_s4/public/index.php(59): CodeIgniter\Boot::bootWeb()
#11 /home/miaronr/Documents/S4/mr_rojo/mobile_money_exam_s4/system/rewrite.php(44): require_once('...')
#12 {main}

Next CodeIgniter\Database\Exceptions\DatabaseException: SQLite3 error: Unable to open database: unable to open database file in /home/miaronr/Documents/S4/mr_rojo/mobile_money_exam_s4/system/Database/SQLite3/Connection.php:118
Stack trace:
#0 /home/miaronr/Documents/S4/mr_rojo/mobile_money_exam_s4/system/Database/BaseConnection.php(555): CodeIgniter\Database\SQLite3\Connection->connect()
#1 /home/miaronr/Documents/S4/mr_rojo/mobile_money_exam_s4/system/Database/SQLite3/Connection.php(74): CodeIgniter\Database\BaseConnection->initialize()
#2 /home/miaronr/Documents/S4/mr_rojo/mobile_money_exam_s4/system/Database/BaseConnection.php(795): CodeIgniter\Database\SQLite3\Connection->initialize()
#3 /home/miaronr/Documents/S4/mr_rojo/mobile_money_exam_s4/app/Controllers/Home.php(11): CodeIgniter\Database\BaseConnection->query()
#4 /home/miaronr/Documents/S4/mr_rojo/mobile_money_exam_s4/system/CodeIgniter.php(974): App\Controllers\Home->index()
#5 /home/miaronr/Documents/S4/mr_rojo/mobile_money_exam_s4/system/CodeIgniter.php(520): CodeIgniter\CodeIgniter->runController()
#6 /home/miaronr/Documents/S4/mr_rojo/mobile_money_exam_s4/system/CodeIgniter.php(363): CodeIgniter\CodeIgniter->handleRequest()
#7 /home/miaronr/Documents/S4/mr_rojo/mobile_money_exam_s4/system/Boot.php(417): CodeIgniter\CodeIgniter->run()
#8 /home/miaronr/Documents/S4/mr_rojo/mobile_money_exam_s4/system/Boot.php(68): CodeIgniter\Boot::runCodeIgniter()
#9 /home/miaronr/Documents/S4/mr_rojo/mobile_money_exam_s4/public/index.php(59): CodeIgniter\Boot::bootWeb()
#10 /home/miaronr/Documents/S4/mr_rojo/mobile_money_exam_s4/system/rewrite.php(44): require_once('...')
#11 {main}
ERROR - 2026-07-20 06:28:40 --> Error connecting to the database: Exception: Unable to open database: unable to open database file in /home/miaronr/Documents/S4/mr_rojo/mobile_money_exam_s4/system/Database/SQLite3/Connection.php:111
Stack trace:
#0 /home/miaronr/Documents/S4/mr_rojo/mobile_money_exam_s4/system/Database/SQLite3/Connection.php(111): SQLite3->__construct()
#1 /home/miaronr/Documents/S4/mr_rojo/mobile_money_exam_s4/system/Database/BaseConnection.php(555): CodeIgniter\Database\SQLite3\Connection->connect()
#2 /home/miaronr/Documents/S4/mr_rojo/mobile_money_exam_s4/system/Database/SQLite3/Connection.php(74): CodeIgniter\Database\BaseConnection->initialize()
#3 /home/miaronr/Documents/S4/mr_rojo/mobile_money_exam_s4/system/Database/BaseConnection.php(795): CodeIgniter\Database\SQLite3\Connection->initialize()
#4 /home/miaronr/Documents/S4/mr_rojo/mobile_money_exam_s4/app/Controllers/Home.php(11): CodeIgniter\Database\BaseConnection->query()
#5 /home/miaronr/Documents/S4/mr_rojo/mobile_money_exam_s4/system/CodeIgniter.php(974): App\Controllers\Home->index()
#6 /home/miaronr/Documents/S4/mr_rojo/mobile_money_exam_s4/system/CodeIgniter.php(520): CodeIgniter\CodeIgniter->runController()
#7 /home/miaronr/Documents/S4/mr_rojo/mobile_money_exam_s4/system/CodeIgniter.php(363): CodeIgniter\CodeIgniter->handleRequest()
#8 /home/miaronr/Documents/S4/mr_rojo/mobile_money_exam_s4/system/Boot.php(417): CodeIgniter\CodeIgniter->run()
#9 /home/miaronr/Documents/S4/mr_rojo/mobile_money_exam_s4/system/Boot.php(68): CodeIgniter\Boot::runCodeIgniter()
#10 /home/miaronr/Documents/S4/mr_rojo/mobile_money_exam_s4/public/index.php(59): CodeIgniter\Boot::bootWeb()
#11 /home/miaronr/Documents/S4/mr_rojo/mobile_money_exam_s4/system/rewrite.php(44): require_once('...')
#12 {main}

Next CodeIgniter\Database\Exceptions\DatabaseException: SQLite3 error: Unable to open database: unable to open database file in /home/miaronr/Documents/S4/mr_rojo/mobile_money_exam_s4/system/Database/SQLite3/Connection.php:118
Stack trace:
#0 /home/miaronr/Documents/S4/mr_rojo/mobile_money_exam_s4/system/Database/BaseConnection.php(555): CodeIgniter\Database\SQLite3\Connection->connect()
#1 /home/miaronr/Documents/S4/mr_rojo/mobile_money_exam_s4/system/Database/SQLite3/Connection.php(74): CodeIgniter\Database\BaseConnection->initialize()
#2 /home/miaronr/Documents/S4/mr_rojo/mobile_money_exam_s4/system/Database/BaseConnection.php(795): CodeIgniter\Database\SQLite3\Connection->initialize()
#3 /home/miaronr/Documents/S4/mr_rojo/mobile_money_exam_s4/app/Controllers/Home.php(11): CodeIgniter\Database\BaseConnection->query()
#4 /home/miaronr/Documents/S4/mr_rojo/mobile_money_exam_s4/system/CodeIgniter.php(974): App\Controllers\Home->index()
#5 /home/miaronr/Documents/S4/mr_rojo/mobile_money_exam_s4/system/CodeIgniter.php(520): CodeIgniter\CodeIgniter->runController()
#6 /home/miaronr/Documents/S4/mr_rojo/mobile_money_exam_s4/system/CodeIgniter.php(363): CodeIgniter\CodeIgniter->handleRequest()
#7 /home/miaronr/Documents/S4/mr_rojo/mobile_money_exam_s4/system/Boot.php(417): CodeIgniter\CodeIgniter->run()
#8 /home/miaronr/Documents/S4/mr_rojo/mobile_money_exam_s4/system/Boot.php(68): CodeIgniter\Boot::runCodeIgniter()
#9 /home/miaronr/Documents/S4/mr_rojo/mobile_money_exam_s4/public/index.php(59): CodeIgniter\Boot::bootWeb()
#10 /home/miaronr/Documents/S4/mr_rojo/mobile_money_exam_s4/system/rewrite.php(44): require_once('...')
#11 {main}
ERROR - 2026-07-20 06:31:19 --> Error connecting to the database: Exception: Unable to open database: unable to open database file in /home/miaronr/Documents/S4/mr_rojo/mobile_money_exam_s4/system/Database/SQLite3/Connection.php:111
Stack trace:
#0 /home/miaronr/Documents/S4/mr_rojo/mobile_money_exam_s4/system/Database/SQLite3/Connection.php(111): SQLite3->__construct()
#1 /home/miaronr/Documents/S4/mr_rojo/mobile_money_exam_s4/system/Database/BaseConnection.php(555): CodeIgniter\Database\SQLite3\Connection->connect()
#2 /home/miaronr/Documents/S4/mr_rojo/mobile_money_exam_s4/system/Database/SQLite3/Connection.php(74): CodeIgniter\Database\BaseConnection->initialize()
#3 /home/miaronr/Documents/S4/mr_rojo/mobile_money_exam_s4/system/Database/BaseConnection.php(795): CodeIgniter\Database\SQLite3\Connection->initialize()
#4 /home/miaronr/Documents/S4/mr_rojo/mobile_money_exam_s4/app/Controllers/Home.php(11): CodeIgniter\Database\BaseConnection->query()
#5 /home/miaronr/Documents/S4/mr_rojo/mobile_money_exam_s4/system/CodeIgniter.php(974): App\Controllers\Home->index()
#6 /home/miaronr/Documents/S4/mr_rojo/mobile_money_exam_s4/system/CodeIgniter.php(520): CodeIgniter\CodeIgniter->runController()
#7 /home/miaronr/Documents/S4/mr_rojo/mobile_money_exam_s4/system/CodeIgniter.php(363): CodeIgniter\CodeIgniter->handleRequest()
#8 /home/miaronr/Documents/S4/mr_rojo/mobile_money_exam_s4/system/Boot.php(417): CodeIgniter\CodeIgniter->run()
#9 /home/miaronr/Documents/S4/mr_rojo/mobile_money_exam_s4/system/Boot.php(68): CodeIgniter\Boot::runCodeIgniter()
#10 /home/miaronr/Documents/S4/mr_rojo/mobile_money_exam_s4/public/index.php(59): CodeIgniter\Boot::bootWeb()
#11 /home/miaronr/Documents/S4/mr_rojo/mobile_money_exam_s4/system/rewrite.php(44): require_once('...')
#12 {main}

Next CodeIgniter\Database\Exceptions\DatabaseException: SQLite3 error: Unable to open database: unable to open database file in /home/miaronr/Documents/S4/mr_rojo/mobile_money_exam_s4/system/Database/SQLite3/Connection.php:118
Stack trace:
#0 /home/miaronr/Documents/S4/mr_rojo/mobile_money_exam_s4/system/Database/BaseConnection.php(555): CodeIgniter\Database\SQLite3\Connection->connect()
#1 /home/miaronr/Documents/S4/mr_rojo/mobile_money_exam_s4/system/Database/SQLite3/Connection.php(74): CodeIgniter\Database\BaseConnection->initialize()
#2 /home/miaronr/Documents/S4/mr_rojo/mobile_money_exam_s4/system/Database/BaseConnection.php(795): CodeIgniter\Database\SQLite3\Connection->initialize()
#3 /home/miaronr/Documents/S4/mr_rojo/mobile_money_exam_s4/app/Controllers/Home.php(11): CodeIgniter\Database\BaseConnection->query()
#4 /home/miaronr/Documents/S4/mr_rojo/mobile_money_exam_s4/system/CodeIgniter.php(974): App\Controllers\Home->index()
#5 /home/miaronr/Documents/S4/mr_rojo/mobile_money_exam_s4/system/CodeIgniter.php(520): CodeIgniter\CodeIgniter->runController()
#6 /home/miaronr/Documents/S4/mr_rojo/mobile_money_exam_s4/system/CodeIgniter.php(363): CodeIgniter\CodeIgniter->handleRequest()
#7 /home/miaronr/Documents/S4/mr_rojo/mobile_money_exam_s4/system/Boot.php(417): CodeIgniter\CodeIgniter->run()
#8 /home/miaronr/Documents/S4/mr_rojo/mobile_money_exam_s4/system/Boot.php(68): CodeIgniter\Boot::runCodeIgniter()
#9 /home/miaronr/Documents/S4/mr_rojo/mobile_money_exam_s4/public/index.php(59): CodeIgniter\Boot::bootWeb()
#10 /home/miaronr/Documents/S4/mr_rojo/mobile_money_exam_s4/system/rewrite.php(44): require_once('...')
#11 {main}
ERROR - 2026-07-20 06:31:19 --> Error connecting to the database: Exception: Unable to open database: unable to open database file in /home/miaronr/Documents/S4/mr_rojo/mobile_money_exam_s4/system/Database/SQLite3/Connection.php:111
Stack trace:
#0 /home/miaronr/Documents/S4/mr_rojo/mobile_money_exam_s4/system/Database/SQLite3/Connection.php(111): SQLite3->__construct()
#1 /home/miaronr/Documents/S4/mr_rojo/mobile_money_exam_s4/system/Database/BaseConnection.php(555): CodeIgniter\Database\SQLite3\Connection->connect()
#2 /home/miaronr/Documents/S4/mr_rojo/mobile_money_exam_s4/system/Database/SQLite3/Connection.php(74): CodeIgniter\Database\BaseConnection->initialize()
#3 /home/miaronr/Documents/S4/mr_rojo/mobile_money_exam_s4/system/Database/BaseConnection.php(795): CodeIgniter\Database\SQLite3\Connection->initialize()
#4 /home/miaronr/Documents/S4/mr_rojo/mobile_money_exam_s4/app/Controllers/Home.php(11): CodeIgniter\Database\BaseConnection->query()
#5 /home/miaronr/Documents/S4/mr_rojo/mobile_money_exam_s4/system/CodeIgniter.php(974): App\Controllers\Home->index()
#6 /home/miaronr/Documents/S4/mr_rojo/mobile_money_exam_s4/system/CodeIgniter.php(520): CodeIgniter\CodeIgniter->runController()
#7 /home/miaronr/Documents/S4/mr_rojo/mobile_money_exam_s4/system/CodeIgniter.php(363): CodeIgniter\CodeIgniter->handleRequest()
#8 /home/miaronr/Documents/S4/mr_rojo/mobile_money_exam_s4/system/Boot.php(417): CodeIgniter\CodeIgniter->run()
#9 /home/miaronr/Documents/S4/mr_rojo/mobile_money_exam_s4/system/Boot.php(68): CodeIgniter\Boot::runCodeIgniter()
#10 /home/miaronr/Documents/S4/mr_rojo/mobile_money_exam_s4/public/index.php(59): CodeIgniter\Boot::bootWeb()
#11 /home/miaronr/Documents/S4/mr_rojo/mobile_money_exam_s4/system/rewrite.php(44): require_once('...')
#12 {main}

Next CodeIgniter\Database\Exceptions\DatabaseException: SQLite3 error: Unable to open database: unable to open database file in /home/miaronr/Documents/S4/mr_rojo/mobile_money_exam_s4/system/Database/SQLite3/Connection.php:118
Stack trace:
#0 /home/miaronr/Documents/S4/mr_rojo/mobile_money_exam_s4/system/Database/BaseConnection.php(555): CodeIgniter\Database\SQLite3\Connection->connect()
#1 /home/miaronr/Documents/S4/mr_rojo/mobile_money_exam_s4/system/Database/SQLite3/Connection.php(74): CodeIgniter\Database\BaseConnection->initialize()
#2 /home/miaronr/Documents/S4/mr_rojo/mobile_money_exam_s4/system/Database/BaseConnection.php(795): CodeIgniter\Database\SQLite3\Connection->initialize()
#3 /home/miaronr/Documents/S4/mr_rojo/mobile_money_exam_s4/app/Controllers/Home.php(11): CodeIgniter\Database\BaseConnection->query()
#4 /home/miaronr/Documents/S4/mr_rojo/mobile_money_exam_s4/system/CodeIgniter.php(974): App\Controllers\Home->index()
#5 /home/miaronr/Documents/S4/mr_rojo/mobile_money_exam_s4/system/CodeIgniter.php(520): CodeIgniter\CodeIgniter->runController()
#6 /home/miaronr/Documents/S4/mr_rojo/mobile_money_exam_s4/system/CodeIgniter.php(363): CodeIgniter\CodeIgniter->handleRequest()
#7 /home/miaronr/Documents/S4/mr_rojo/mobile_money_exam_s4/system/Boot.php(417): CodeIgniter\CodeIgniter->run()
#8 /home/miaronr/Documents/S4/mr_rojo/mobile_money_exam_s4/system/Boot.php(68): CodeIgniter\Boot::runCodeIgniter()
#9 /home/miaronr/Documents/S4/mr_rojo/mobile_money_exam_s4/public/index.php(59): CodeIgniter\Boot::bootWeb()
#10 /home/miaronr/Documents/S4/mr_rojo/mobile_money_exam_s4/system/rewrite.php(44): require_once('...')
#11 {main}
ERROR - 2026-07-20 06:31:20 --> Error connecting to the database: Exception: Unable to open database: unable to open database file in /home/miaronr/Documents/S4/mr_rojo/mobile_money_exam_s4/system/Database/SQLite3/Connection.php:111
Stack trace:
#0 /home/miaronr/Documents/S4/mr_rojo/mobile_money_exam_s4/system/Database/SQLite3/Connection.php(111): SQLite3->__construct()
#1 /home/miaronr/Documents/S4/mr_rojo/mobile_money_exam_s4/system/Database/BaseConnection.php(555): CodeIgniter\Database\SQLite3\Connection->connect()
#2 /home/miaronr/Documents/S4/mr_rojo/mobile_money_exam_s4/system/Database/SQLite3/Connection.php(74): CodeIgniter\Database\BaseConnection->initialize()
#3 /home/miaronr/Documents/S4/mr_rojo/mobile_money_exam_s4/system/Database/BaseConnection.php(795): CodeIgniter\Database\SQLite3\Connection->initialize()
#4 /home/miaronr/Documents/S4/mr_rojo/mobile_money_exam_s4/app/Controllers/Home.php(11): CodeIgniter\Database\BaseConnection->query()
#5 /home/miaronr/Documents/S4/mr_rojo/mobile_money_exam_s4/system/CodeIgniter.php(974): App\Controllers\Home->index()
#6 /home/miaronr/Documents/S4/mr_rojo/mobile_money_exam_s4/system/CodeIgniter.php(520): CodeIgniter\CodeIgniter->runController()
#7 /home/miaronr/Documents/S4/mr_rojo/mobile_money_exam_s4/system/CodeIgniter.php(363): CodeIgniter\CodeIgniter->handleRequest()
#8 /home/miaronr/Documents/S4/mr_rojo/mobile_money_exam_s4/system/Boot.php(417): CodeIgniter\CodeIgniter->run()
#9 /home/miaronr/Documents/S4/mr_rojo/mobile_money_exam_s4/system/Boot.php(68): CodeIgniter\Boot::runCodeIgniter()
#10 /home/miaronr/Documents/S4/mr_rojo/mobile_money_exam_s4/public/index.php(59): CodeIgniter\Boot::bootWeb()
#11 /home/miaronr/Documents/S4/mr_rojo/mobile_money_exam_s4/system/rewrite.php(44): require_once('...')
#12 {main}

Next CodeIgniter\Database\Exceptions\DatabaseException: SQLite3 error: Unable to open database: unable to open database file in /home/miaronr/Documents/S4/mr_rojo/mobile_money_exam_s4/system/Database/SQLite3/Connection.php:118
Stack trace:
#0 /home/miaronr/Documents/S4/mr_rojo/mobile_money_exam_s4/system/Database/BaseConnection.php(555): CodeIgniter\Database\SQLite3\Connection->connect()
#1 /home/miaronr/Documents/S4/mr_rojo/mobile_money_exam_s4/system/Database/SQLite3/Connection.php(74): CodeIgniter\Database\BaseConnection->initialize()
#2 /home/miaronr/Documents/S4/mr_rojo/mobile_money_exam_s4/system/Database/BaseConnection.php(795): CodeIgniter\Database\SQLite3\Connection->initialize()
#3 /home/miaronr/Documents/S4/mr_rojo/mobile_money_exam_s4/app/Controllers/Home.php(11): CodeIgniter\Database\BaseConnection->query()
#4 /home/miaronr/Documents/S4/mr_rojo/mobile_money_exam_s4/system/CodeIgniter.php(974): App\Controllers\Home->index()
#5 /home/miaronr/Documents/S4/mr_rojo/mobile_money_exam_s4/system/CodeIgniter.php(520): CodeIgniter\CodeIgniter->runController()
#6 /home/miaronr/Documents/S4/mr_rojo/mobile_money_exam_s4/system/CodeIgniter.php(363): CodeIgniter\CodeIgniter->handleRequest()
#7 /home/miaronr/Documents/S4/mr_rojo/mobile_money_exam_s4/system/Boot.php(417): CodeIgniter\CodeIgniter->run()
#8 /home/miaronr/Documents/S4/mr_rojo/mobile_money_exam_s4/system/Boot.php(68): CodeIgniter\Boot::runCodeIgniter()
#9 /home/miaronr/Documents/S4/mr_rojo/mobile_money_exam_s4/public/index.php(59): CodeIgniter\Boot::bootWeb()
#10 /home/miaronr/Documents/S4/mr_rojo/mobile_money_exam_s4/system/rewrite.php(44): require_once('...')
#11 {main}
ERROR - 2026-07-20 06:31:20 --> Error connecting to the database: Exception: Unable to open database: unable to open database file in /home/miaronr/Documents/S4/mr_rojo/mobile_money_exam_s4/system/Database/SQLite3/Connection.php:111
Stack trace:
#0 /home/miaronr/Documents/S4/mr_rojo/mobile_money_exam_s4/system/Database/SQLite3/Connection.php(111): SQLite3->__construct()
#1 /home/miaronr/Documents/S4/mr_rojo/mobile_money_exam_s4/system/Database/BaseConnection.php(555): CodeIgniter\Database\SQLite3\Connection->connect()
#2 /home/miaronr/Documents/S4/mr_rojo/mobile_money_exam_s4/system/Database/SQLite3/Connection.php(74): CodeIgniter\Database\BaseConnection->initialize()
#3 /home/miaronr/Documents/S4/mr_rojo/mobile_money_exam_s4/system/Database/BaseConnection.php(795): CodeIgniter\Database\SQLite3\Connection->initialize()
#4 /home/miaronr/Documents/S4/mr_rojo/mobile_money_exam_s4/app/Controllers/Home.php(11): CodeIgniter\Database\BaseConnection->query()
#5 /home/miaronr/Documents/S4/mr_rojo/mobile_money_exam_s4/system/CodeIgniter.php(974): App\Controllers\Home->index()
#6 /home/miaronr/Documents/S4/mr_rojo/mobile_money_exam_s4/system/CodeIgniter.php(520): CodeIgniter\CodeIgniter->runController()
#7 /home/miaronr/Documents/S4/mr_rojo/mobile_money_exam_s4/system/CodeIgniter.php(363): CodeIgniter\CodeIgniter->handleRequest()
#8 /home/miaronr/Documents/S4/mr_rojo/mobile_money_exam_s4/system/Boot.php(417): CodeIgniter\CodeIgniter->run()
#9 /home/miaronr/Documents/S4/mr_rojo/mobile_money_exam_s4/system/Boot.php(68): CodeIgniter\Boot::runCodeIgniter()
#10 /home/miaronr/Documents/S4/mr_rojo/mobile_money_exam_s4/public/index.php(59): CodeIgniter\Boot::bootWeb()
#11 /home/miaronr/Documents/S4/mr_rojo/mobile_money_exam_s4/system/rewrite.php(44): require_once('...')
#12 {main}

Next CodeIgniter\Database\Exceptions\DatabaseException: SQLite3 error: Unable to open database: unable to open database file in /home/miaronr/Documents/S4/mr_rojo/mobile_money_exam_s4/system/Database/SQLite3/Connection.php:118
Stack trace:
#0 /home/miaronr/Documents/S4/mr_rojo/mobile_money_exam_s4/system/Database/BaseConnection.php(555): CodeIgniter\Database\SQLite3\Connection->connect()
#1 /home/miaronr/Documents/S4/mr_rojo/mobile_money_exam_s4/system/Database/SQLite3/Connection.php(74): CodeIgniter\Database\BaseConnection->initialize()
#2 /home/miaronr/Documents/S4/mr_rojo/mobile_money_exam_s4/system/Database/BaseConnection.php(795): CodeIgniter\Database\SQLite3\Connection->initialize()
#3 /home/miaronr/Documents/S4/mr_rojo/mobile_money_exam_s4/app/Controllers/Home.php(11): CodeIgniter\Database\BaseConnection->query()
#4 /home/miaronr/Documents/S4/mr_rojo/mobile_money_exam_s4/system/CodeIgniter.php(974): App\Controllers\Home->index()
#5 /home/miaronr/Documents/S4/mr_rojo/mobile_money_exam_s4/system/CodeIgniter.php(520): CodeIgniter\CodeIgniter->runController()
#6 /home/miaronr/Documents/S4/mr_rojo/mobile_money_exam_s4/system/CodeIgniter.php(363): CodeIgniter\CodeIgniter->handleRequest()
#7 /home/miaronr/Documents/S4/mr_rojo/mobile_money_exam_s4/system/Boot.php(417): CodeIgniter\CodeIgniter->run()
#8 /home/miaronr/Documents/S4/mr_rojo/mobile_money_exam_s4/system/Boot.php(68): CodeIgniter\Boot::runCodeIgniter()
#9 /home/miaronr/Documents/S4/mr_rojo/mobile_money_exam_s4/public/index.php(59): CodeIgniter\Boot::bootWeb()
#10 /home/miaronr/Documents/S4/mr_rojo/mobile_money_exam_s4/system/rewrite.php(44): require_once('...')
#11 {main}
ERROR - 2026-07-20 06:31:46 --> Error connecting to the database: Exception: Unable to open database: unable to open database file in /home/miaronr/Documents/S4/mr_rojo/mobile_money_exam_s4/system/Database/SQLite3/Connection.php:111
Stack trace:
#0 /home/miaronr/Documents/S4/mr_rojo/mobile_money_exam_s4/system/Database/SQLite3/Connection.php(111): SQLite3->__construct()
#1 /home/miaronr/Documents/S4/mr_rojo/mobile_money_exam_s4/system/Database/BaseConnection.php(555): CodeIgniter\Database\SQLite3\Connection->connect()
#2 /home/miaronr/Documents/S4/mr_rojo/mobile_money_exam_s4/system/Database/SQLite3/Connection.php(74): CodeIgniter\Database\BaseConnection->initialize()
#3 /home/miaronr/Documents/S4/mr_rojo/mobile_money_exam_s4/system/Database/BaseConnection.php(795): CodeIgniter\Database\SQLite3\Connection->initialize()
#4 /home/miaronr/Documents/S4/mr_rojo/mobile_money_exam_s4/app/Controllers/Home.php(11): CodeIgniter\Database\BaseConnection->query()
#5 /home/miaronr/Documents/S4/mr_rojo/mobile_money_exam_s4/system/CodeIgniter.php(974): App\Controllers\Home->index()
#6 /home/miaronr/Documents/S4/mr_rojo/mobile_money_exam_s4/system/CodeIgniter.php(520): CodeIgniter\CodeIgniter->runController()
#7 /home/miaronr/Documents/S4/mr_rojo/mobile_money_exam_s4/system/CodeIgniter.php(363): CodeIgniter\CodeIgniter->handleRequest()
#8 /home/miaronr/Documents/S4/mr_rojo/mobile_money_exam_s4/system/Boot.php(417): CodeIgniter\CodeIgniter->run()
#9 /home/miaronr/Documents/S4/mr_rojo/mobile_money_exam_s4/system/Boot.php(68): CodeIgniter\Boot::runCodeIgniter()
#10 /home/miaronr/Documents/S4/mr_rojo/mobile_money_exam_s4/public/index.php(59): CodeIgniter\Boot::bootWeb()
#11 /home/miaronr/Documents/S4/mr_rojo/mobile_money_exam_s4/system/rewrite.php(44): require_once('...')
#12 {main}

Next CodeIgniter\Database\Exceptions\DatabaseException: SQLite3 error: Unable to open database: unable to open database file in /home/miaronr/Documents/S4/mr_rojo/mobile_money_exam_s4/system/Database/SQLite3/Connection.php:118
Stack trace:
#0 /home/miaronr/Documents/S4/mr_rojo/mobile_money_exam_s4/system/Database/BaseConnection.php(555): CodeIgniter\Database\SQLite3\Connection->connect()
#1 /home/miaronr/Documents/S4/mr_rojo/mobile_money_exam_s4/system/Database/SQLite3/Connection.php(74): CodeIgniter\Database\BaseConnection->initialize()
#2 /home/miaronr/Documents/S4/mr_rojo/mobile_money_exam_s4/system/Database/BaseConnection.php(795): CodeIgniter\Database\SQLite3\Connection->initialize()
#3 /home/miaronr/Documents/S4/mr_rojo/mobile_money_exam_s4/app/Controllers/Home.php(11): CodeIgniter\Database\BaseConnection->query()
#4 /home/miaronr/Documents/S4/mr_rojo/mobile_money_exam_s4/system/CodeIgniter.php(974): App\Controllers\Home->index()
#5 /home/miaronr/Documents/S4/mr_rojo/mobile_money_exam_s4/system/CodeIgniter.php(520): CodeIgniter\CodeIgniter->runController()
#6 /home/miaronr/Documents/S4/mr_rojo/mobile_money_exam_s4/system/CodeIgniter.php(363): CodeIgniter\CodeIgniter->handleRequest()
#7 /home/miaronr/Documents/S4/mr_rojo/mobile_money_exam_s4/system/Boot.php(417): CodeIgniter\CodeIgniter->run()
#8 /home/miaronr/Documents/S4/mr_rojo/mobile_money_exam_s4/system/Boot.php(68): CodeIgniter\Boot::runCodeIgniter()
#9 /home/miaronr/Documents/S4/mr_rojo/mobile_money_exam_s4/public/index.php(59): CodeIgniter\Boot::bootWeb()
#10 /home/miaronr/Documents/S4/mr_rojo/mobile_money_exam_s4/system/rewrite.php(44): require_once('...')
#11 {main}
ERROR - 2026-07-20 06:31:46 --> Error connecting to the database: Exception: Unable to open database: unable to open database file in /home/miaronr/Documents/S4/mr_rojo/mobile_money_exam_s4/system/Database/SQLite3/Connection.php:111
Stack trace:
#0 /home/miaronr/Documents/S4/mr_rojo/mobile_money_exam_s4/system/Database/SQLite3/Connection.php(111): SQLite3->__construct()
#1 /home/miaronr/Documents/S4/mr_rojo/mobile_money_exam_s4/system/Database/BaseConnection.php(555): CodeIgniter\Database\SQLite3\Connection->connect()
#2 /home/miaronr/Documents/S4/mr_rojo/mobile_money_exam_s4/system/Database/SQLite3/Connection.php(74): CodeIgniter\Database\BaseConnection->initialize()
#3 /home/miaronr/Documents/S4/mr_rojo/mobile_money_exam_s4/system/Database/BaseConnection.php(795): CodeIgniter\Database\SQLite3\Connection->initialize()
#4 /home/miaronr/Documents/S4/mr_rojo/mobile_money_exam_s4/app/Controllers/Home.php(11): CodeIgniter\Database\BaseConnection->query()
#5 /home/miaronr/Documents/S4/mr_rojo/mobile_money_exam_s4/system/CodeIgniter.php(974): App\Controllers\Home->index()
#6 /home/miaronr/Documents/S4/mr_rojo/mobile_money_exam_s4/system/CodeIgniter.php(520): CodeIgniter\CodeIgniter->runController()
#7 /home/miaronr/Documents/S4/mr_rojo/mobile_money_exam_s4/system/CodeIgniter.php(363): CodeIgniter\CodeIgniter->handleRequest()
#8 /home/miaronr/Documents/S4/mr_rojo/mobile_money_exam_s4/system/Boot.php(417): CodeIgniter\CodeIgniter->run()
#9 /home/miaronr/Documents/S4/mr_rojo/mobile_money_exam_s4/system/Boot.php(68): CodeIgniter\Boot::runCodeIgniter()
#10 /home/miaronr/Documents/S4/mr_rojo/mobile_money_exam_s4/public/index.php(59): CodeIgniter\Boot::bootWeb()
#11 /home/miaronr/Documents/S4/mr_rojo/mobile_money_exam_s4/system/rewrite.php(44): require_once('...')
#12 {main}

Next CodeIgniter\Database\Exceptions\DatabaseException: SQLite3 error: Unable to open database: unable to open database file in /home/miaronr/Documents/S4/mr_rojo/mobile_money_exam_s4/system/Database/SQLite3/Connection.php:118
Stack trace:
#0 /home/miaronr/Documents/S4/mr_rojo/mobile_money_exam_s4/system/Database/BaseConnection.php(555): CodeIgniter\Database\SQLite3\Connection->connect()
#1 /home/miaronr/Documents/S4/mr_rojo/mobile_money_exam_s4/system/Database/SQLite3/Connection.php(74): CodeIgniter\Database\BaseConnection->initialize()
#2 /home/miaronr/Documents/S4/mr_rojo/mobile_money_exam_s4/system/Database/BaseConnection.php(795): CodeIgniter\Database\SQLite3\Connection->initialize()
#3 /home/miaronr/Documents/S4/mr_rojo/mobile_money_exam_s4/app/Controllers/Home.php(11): CodeIgniter\Database\BaseConnection->query()
#4 /home/miaronr/Documents/S4/mr_rojo/mobile_money_exam_s4/system/CodeIgniter.php(974): App\Controllers\Home->index()
#5 /home/miaronr/Documents/S4/mr_rojo/mobile_money_exam_s4/system/CodeIgniter.php(520): CodeIgniter\CodeIgniter->runController()
#6 /home/miaronr/Documents/S4/mr_rojo/mobile_money_exam_s4/system/CodeIgniter.php(363): CodeIgniter\CodeIgniter->handleRequest()
#7 /home/miaronr/Documents/S4/mr_rojo/mobile_money_exam_s4/system/Boot.php(417): CodeIgniter\CodeIgniter->run()
#8 /home/miaronr/Documents/S4/mr_rojo/mobile_money_exam_s4/system/Boot.php(68): CodeIgniter\Boot::runCodeIgniter()
#9 /home/miaronr/Documents/S4/mr_rojo/mobile_money_exam_s4/public/index.php(59): CodeIgniter\Boot::bootWeb()
#10 /home/miaronr/Documents/S4/mr_rojo/mobile_money_exam_s4/system/rewrite.php(44): require_once('...')
#11 {main}
ERROR - 2026-07-20 06:31:47 --> Error connecting to the database: Exception: Unable to open database: unable to open database file in /home/miaronr/Documents/S4/mr_rojo/mobile_money_exam_s4/system/Database/SQLite3/Connection.php:111
Stack trace:
#0 /home/miaronr/Documents/S4/mr_rojo/mobile_money_exam_s4/system/Database/SQLite3/Connection.php(111): SQLite3->__construct()
#1 /home/miaronr/Documents/S4/mr_rojo/mobile_money_exam_s4/system/Database/BaseConnection.php(555): CodeIgniter\Database\SQLite3\Connection->connect()
#2 /home/miaronr/Documents/S4/mr_rojo/mobile_money_exam_s4/system/Database/SQLite3/Connection.php(74): CodeIgniter\Database\BaseConnection->initialize()
#3 /home/miaronr/Documents/S4/mr_rojo/mobile_money_exam_s4/system/Database/BaseConnection.php(795): CodeIgniter\Database\SQLite3\Connection->initialize()
#4 /home/miaronr/Documents/S4/mr_rojo/mobile_money_exam_s4/app/Controllers/Home.php(11): CodeIgniter\Database\BaseConnection->query()
#5 /home/miaronr/Documents/S4/mr_rojo/mobile_money_exam_s4/system/CodeIgniter.php(974): App\Controllers\Home->index()
#6 /home/miaronr/Documents/S4/mr_rojo/mobile_money_exam_s4/system/CodeIgniter.php(520): CodeIgniter\CodeIgniter->runController()
#7 /home/miaronr/Documents/S4/mr_rojo/mobile_money_exam_s4/system/CodeIgniter.php(363): CodeIgniter\CodeIgniter->handleRequest()
#8 /home/miaronr/Documents/S4/mr_rojo/mobile_money_exam_s4/system/Boot.php(417): CodeIgniter\CodeIgniter->run()
#9 /home/miaronr/Documents/S4/mr_rojo/mobile_money_exam_s4/system/Boot.php(68): CodeIgniter\Boot::runCodeIgniter()
#10 /home/miaronr/Documents/S4/mr_rojo/mobile_money_exam_s4/public/index.php(59): CodeIgniter\Boot::bootWeb()
#11 /home/miaronr/Documents/S4/mr_rojo/mobile_money_exam_s4/system/rewrite.php(44): require_once('...')
#12 {main}

Next CodeIgniter\Database\Exceptions\DatabaseException: SQLite3 error: Unable to open database: unable to open database file in /home/miaronr/Documents/S4/mr_rojo/mobile_money_exam_s4/system/Database/SQLite3/Connection.php:118
Stack trace:
#0 /home/miaronr/Documents/S4/mr_rojo/mobile_money_exam_s4/system/Database/BaseConnection.php(555): CodeIgniter\Database\SQLite3\Connection->connect()
#1 /home/miaronr/Documents/S4/mr_rojo/mobile_money_exam_s4/system/Database/SQLite3/Connection.php(74): CodeIgniter\Database\BaseConnection->initialize()
#2 /home/miaronr/Documents/S4/mr_rojo/mobile_money_exam_s4/system/Database/BaseConnection.php(795): CodeIgniter\Database\SQLite3\Connection->initialize()
#3 /home/miaronr/Documents/S4/mr_rojo/mobile_money_exam_s4/app/Controllers/Home.php(11): CodeIgniter\Database\BaseConnection->query()
#4 /home/miaronr/Documents/S4/mr_rojo/mobile_money_exam_s4/system/CodeIgniter.php(974): App\Controllers\Home->index()
#5 /home/miaronr/Documents/S4/mr_rojo/mobile_money_exam_s4/system/CodeIgniter.php(520): CodeIgniter\CodeIgniter->runController()
#6 /home/miaronr/Documents/S4/mr_rojo/mobile_money_exam_s4/system/CodeIgniter.php(363): CodeIgniter\CodeIgniter->handleRequest()
#7 /home/miaronr/Documents/S4/mr_rojo/mobile_money_exam_s4/system/Boot.php(417): CodeIgniter\CodeIgniter->run()
#8 /home/miaronr/Documents/S4/mr_rojo/mobile_money_exam_s4/system/Boot.php(68): CodeIgniter\Boot::runCodeIgniter()
#9 /home/miaronr/Documents/S4/mr_rojo/mobile_money_exam_s4/public/index.php(59): CodeIgniter\Boot::bootWeb()
#10 /home/miaronr/Documents/S4/mr_rojo/mobile_money_exam_s4/system/rewrite.php(44): require_once('...')
#11 {main}
ERROR - 2026-07-20 06:31:47 --> Error connecting to the database: Exception: Unable to open database: unable to open database file in /home/miaronr/Documents/S4/mr_rojo/mobile_money_exam_s4/system/Database/SQLite3/Connection.php:111
Stack trace:
#0 /home/miaronr/Documents/S4/mr_rojo/mobile_money_exam_s4/system/Database/SQLite3/Connection.php(111): SQLite3->__construct()
#1 /home/miaronr/Documents/S4/mr_rojo/mobile_money_exam_s4/system/Database/BaseConnection.php(555): CodeIgniter\Database\SQLite3\Connection->connect()
#2 /home/miaronr/Documents/S4/mr_rojo/mobile_money_exam_s4/system/Database/SQLite3/Connection.php(74): CodeIgniter\Database\BaseConnection->initialize()
#3 /home/miaronr/Documents/S4/mr_rojo/mobile_money_exam_s4/system/Database/BaseConnection.php(795): CodeIgniter\Database\SQLite3\Connection->initialize()
#4 /home/miaronr/Documents/S4/mr_rojo/mobile_money_exam_s4/app/Controllers/Home.php(11): CodeIgniter\Database\BaseConnection->query()
#5 /home/miaronr/Documents/S4/mr_rojo/mobile_money_exam_s4/system/CodeIgniter.php(974): App\Controllers\Home->index()
#6 /home/miaronr/Documents/S4/mr_rojo/mobile_money_exam_s4/system/CodeIgniter.php(520): CodeIgniter\CodeIgniter->runController()
#7 /home/miaronr/Documents/S4/mr_rojo/mobile_money_exam_s4/system/CodeIgniter.php(363): CodeIgniter\CodeIgniter->handleRequest()
#8 /home/miaronr/Documents/S4/mr_rojo/mobile_money_exam_s4/system/Boot.php(417): CodeIgniter\CodeIgniter->run()
#9 /home/miaronr/Documents/S4/mr_rojo/mobile_money_exam_s4/system/Boot.php(68): CodeIgniter\Boot::runCodeIgniter()
#10 /home/miaronr/Documents/S4/mr_rojo/mobile_money_exam_s4/public/index.php(59): CodeIgniter\Boot::bootWeb()
#11 /home/miaronr/Documents/S4/mr_rojo/mobile_money_exam_s4/system/rewrite.php(44): require_once('...')
#12 {main}

Next CodeIgniter\Database\Exceptions\DatabaseException: SQLite3 error: Unable to open database: unable to open database file in /home/miaronr/Documents/S4/mr_rojo/mobile_money_exam_s4/system/Database/SQLite3/Connection.php:118
Stack trace:
#0 /home/miaronr/Documents/S4/mr_rojo/mobile_money_exam_s4/system/Database/BaseConnection.php(555): CodeIgniter\Database\SQLite3\Connection->connect()
#1 /home/miaronr/Documents/S4/mr_rojo/mobile_money_exam_s4/system/Database/SQLite3/Connection.php(74): CodeIgniter\Database\BaseConnection->initialize()
#2 /home/miaronr/Documents/S4/mr_rojo/mobile_money_exam_s4/system/Database/BaseConnection.php(795): CodeIgniter\Database\SQLite3\Connection->initialize()
#3 /home/miaronr/Documents/S4/mr_rojo/mobile_money_exam_s4/app/Controllers/Home.php(11): CodeIgniter\Database\BaseConnection->query()
#4 /home/miaronr/Documents/S4/mr_rojo/mobile_money_exam_s4/system/CodeIgniter.php(974): App\Controllers\Home->index()
#5 /home/miaronr/Documents/S4/mr_rojo/mobile_money_exam_s4/system/CodeIgniter.php(520): CodeIgniter\CodeIgniter->runController()
#6 /home/miaronr/Documents/S4/mr_rojo/mobile_money_exam_s4/system/CodeIgniter.php(363): CodeIgniter\CodeIgniter->handleRequest()
#7 /home/miaronr/Documents/S4/mr_rojo/mobile_money_exam_s4/system/Boot.php(417): CodeIgniter\CodeIgniter->run()
#8 /home/miaronr/Documents/S4/mr_rojo/mobile_money_exam_s4/system/Boot.php(68): CodeIgniter\Boot::runCodeIgniter()
#9 /home/miaronr/Documents/S4/mr_rojo/mobile_money_exam_s4/public/index.php(59): CodeIgniter\Boot::bootWeb()
#10 /home/miaronr/Documents/S4/mr_rojo/mobile_money_exam_s4/system/rewrite.php(44): require_once('...')
#11 {main}
ERROR - 2026-07-20 06:31:47 --> Error connecting to the database: Exception: Unable to open database: unable to open database file in /home/miaronr/Documents/S4/mr_rojo/mobile_money_exam_s4/system/Database/SQLite3/Connection.php:111
Stack trace:
#0 /home/miaronr/Documents/S4/mr_rojo/mobile_money_exam_s4/system/Database/SQLite3/Connection.php(111): SQLite3->__construct()
#1 /home/miaronr/Documents/S4/mr_rojo/mobile_money_exam_s4/system/Database/BaseConnection.php(555): CodeIgniter\Database\SQLite3\Connection->connect()
#2 /home/miaronr/Documents/S4/mr_rojo/mobile_money_exam_s4/system/Database/SQLite3/Connection.php(74): CodeIgniter\Database\BaseConnection->initialize()
#3 /home/miaronr/Documents/S4/mr_rojo/mobile_money_exam_s4/system/Database/BaseConnection.php(795): CodeIgniter\Database\SQLite3\Connection->initialize()
#4 /home/miaronr/Documents/S4/mr_rojo/mobile_money_exam_s4/app/Controllers/Home.php(11): CodeIgniter\Database\BaseConnection->query()
#5 /home/miaronr/Documents/S4/mr_rojo/mobile_money_exam_s4/system/CodeIgniter.php(974): App\Controllers\Home->index()
#6 /home/miaronr/Documents/S4/mr_rojo/mobile_money_exam_s4/system/CodeIgniter.php(520): CodeIgniter\CodeIgniter->runController()
#7 /home/miaronr/Documents/S4/mr_rojo/mobile_money_exam_s4/system/CodeIgniter.php(363): CodeIgniter\CodeIgniter->handleRequest()
#8 /home/miaronr/Documents/S4/mr_rojo/mobile_money_exam_s4/system/Boot.php(417): CodeIgniter\CodeIgniter->run()
#9 /home/miaronr/Documents/S4/mr_rojo/mobile_money_exam_s4/system/Boot.php(68): CodeIgniter\Boot::runCodeIgniter()
#10 /home/miaronr/Documents/S4/mr_rojo/mobile_money_exam_s4/public/index.php(59): CodeIgniter\Boot::bootWeb()
#11 /home/miaronr/Documents/S4/mr_rojo/mobile_money_exam_s4/system/rewrite.php(44): require_once('...')
#12 {main}

Next CodeIgniter\Database\Exceptions\DatabaseException: SQLite3 error: Unable to open database: unable to open database file in /home/miaronr/Documents/S4/mr_rojo/mobile_money_exam_s4/system/Database/SQLite3/Connection.php:118
Stack trace:
#0 /home/miaronr/Documents/S4/mr_rojo/mobile_money_exam_s4/system/Database/BaseConnection.php(555): CodeIgniter\Database\SQLite3\Connection->connect()
#1 /home/miaronr/Documents/S4/mr_rojo/mobile_money_exam_s4/system/Database/SQLite3/Connection.php(74): CodeIgniter\Database\BaseConnection->initialize()
#2 /home/miaronr/Documents/S4/mr_rojo/mobile_money_exam_s4/system/Database/BaseConnection.php(795): CodeIgniter\Database\SQLite3\Connection->initialize()
#3 /home/miaronr/Documents/S4/mr_rojo/mobile_money_exam_s4/app/Controllers/Home.php(11): CodeIgniter\Database\BaseConnection->query()
#4 /home/miaronr/Documents/S4/mr_rojo/mobile_money_exam_s4/system/CodeIgniter.php(974): App\Controllers\Home->index()
#5 /home/miaronr/Documents/S4/mr_rojo/mobile_money_exam_s4/system/CodeIgniter.php(520): CodeIgniter\CodeIgniter->runController()
#6 /home/miaronr/Documents/S4/mr_rojo/mobile_money_exam_s4/system/CodeIgniter.php(363): CodeIgniter\CodeIgniter->handleRequest()
#7 /home/miaronr/Documents/S4/mr_rojo/mobile_money_exam_s4/system/Boot.php(417): CodeIgniter\CodeIgniter->run()
#8 /home/miaronr/Documents/S4/mr_rojo/mobile_money_exam_s4/system/Boot.php(68): CodeIgniter\Boot::runCodeIgniter()
#9 /home/miaronr/Documents/S4/mr_rojo/mobile_money_exam_s4/public/index.php(59): CodeIgniter\Boot::bootWeb()
#10 /home/miaronr/Documents/S4/mr_rojo/mobile_money_exam_s4/system/rewrite.php(44): require_once('...')
#11 {main}
ERROR - 2026-07-20 06:31:47 --> Error connecting to the database: Exception: Unable to open database: unable to open database file in /home/miaronr/Documents/S4/mr_rojo/mobile_money_exam_s4/system/Database/SQLite3/Connection.php:111
Stack trace:
#0 /home/miaronr/Documents/S4/mr_rojo/mobile_money_exam_s4/system/Database/SQLite3/Connection.php(111): SQLite3->__construct()
#1 /home/miaronr/Documents/S4/mr_rojo/mobile_money_exam_s4/system/Database/BaseConnection.php(555): CodeIgniter\Database\SQLite3\Connection->connect()
#2 /home/miaronr/Documents/S4/mr_rojo/mobile_money_exam_s4/system/Database/SQLite3/Connection.php(74): CodeIgniter\Database\BaseConnection->initialize()
#3 /home/miaronr/Documents/S4/mr_rojo/mobile_money_exam_s4/system/Database/BaseConnection.php(795): CodeIgniter\Database\SQLite3\Connection->initialize()
#4 /home/miaronr/Documents/S4/mr_rojo/mobile_money_exam_s4/app/Controllers/Home.php(11): CodeIgniter\Database\BaseConnection->query()
#5 /home/miaronr/Documents/S4/mr_rojo/mobile_money_exam_s4/system/CodeIgniter.php(974): App\Controllers\Home->index()
#6 /home/miaronr/Documents/S4/mr_rojo/mobile_money_exam_s4/system/CodeIgniter.php(520): CodeIgniter\CodeIgniter->runController()
#7 /home/miaronr/Documents/S4/mr_rojo/mobile_money_exam_s4/system/CodeIgniter.php(363): CodeIgniter\CodeIgniter->handleRequest()
#8 /home/miaronr/Documents/S4/mr_rojo/mobile_money_exam_s4/system/Boot.php(417): CodeIgniter\CodeIgniter->run()
#9 /home/miaronr/Documents/S4/mr_rojo/mobile_money_exam_s4/system/Boot.php(68): CodeIgniter\Boot::runCodeIgniter()
#10 /home/miaronr/Documents/S4/mr_rojo/mobile_money_exam_s4/public/index.php(59): CodeIgniter\Boot::bootWeb()
#11 /home/miaronr/Documents/S4/mr_rojo/mobile_money_exam_s4/system/rewrite.php(44): require_once('...')
#12 {main}

Next CodeIgniter\Database\Exceptions\DatabaseException: SQLite3 error: Unable to open database: unable to open database file in /home/miaronr/Documents/S4/mr_rojo/mobile_money_exam_s4/system/Database/SQLite3/Connection.php:118
Stack trace:
#0 /home/miaronr/Documents/S4/mr_rojo/mobile_money_exam_s4/system/Database/BaseConnection.php(555): CodeIgniter\Database\SQLite3\Connection->connect()
#1 /home/miaronr/Documents/S4/mr_rojo/mobile_money_exam_s4/system/Database/SQLite3/Connection.php(74): CodeIgniter\Database\BaseConnection->initialize()
#2 /home/miaronr/Documents/S4/mr_rojo/mobile_money_exam_s4/system/Database/BaseConnection.php(795): CodeIgniter\Database\SQLite3\Connection->initialize()
#3 /home/miaronr/Documents/S4/mr_rojo/mobile_money_exam_s4/app/Controllers/Home.php(11): CodeIgniter\Database\BaseConnection->query()
#4 /home/miaronr/Documents/S4/mr_rojo/mobile_money_exam_s4/system/CodeIgniter.php(974): App\Controllers\Home->index()
#5 /home/miaronr/Documents/S4/mr_rojo/mobile_money_exam_s4/system/CodeIgniter.php(520): CodeIgniter\CodeIgniter->runController()
#6 /home/miaronr/Documents/S4/mr_rojo/mobile_money_exam_s4/system/CodeIgniter.php(363): CodeIgniter\CodeIgniter->handleRequest()
#7 /home/miaronr/Documents/S4/mr_rojo/mobile_money_exam_s4/system/Boot.php(417): CodeIgniter\CodeIgniter->run()
#8 /home/miaronr/Documents/S4/mr_rojo/mobile_money_exam_s4/system/Boot.php(68): CodeIgniter\Boot::runCodeIgniter()
#9 /home/miaronr/Documents/S4/mr_rojo/mobile_money_exam_s4/public/index.php(59): CodeIgniter\Boot::bootWeb()
#10 /home/miaronr/Documents/S4/mr_rojo/mobile_money_exam_s4/system/rewrite.php(44): require_once('...')
#11 {main}
ERROR - 2026-07-20 06:31:48 --> Error connecting to the database: Exception: Unable to open database: unable to open database file in /home/miaronr/Documents/S4/mr_rojo/mobile_money_exam_s4/system/Database/SQLite3/Connection.php:111
Stack trace:
#0 /home/miaronr/Documents/S4/mr_rojo/mobile_money_exam_s4/system/Database/SQLite3/Connection.php(111): SQLite3->__construct()
#1 /home/miaronr/Documents/S4/mr_rojo/mobile_money_exam_s4/system/Database/BaseConnection.php(555): CodeIgniter\Database\SQLite3\Connection->connect()
#2 /home/miaronr/Documents/S4/mr_rojo/mobile_money_exam_s4/system/Database/SQLite3/Connection.php(74): CodeIgniter\Database\BaseConnection->initialize()
#3 /home/miaronr/Documents/S4/mr_rojo/mobile_money_exam_s4/system/Database/BaseConnection.php(795): CodeIgniter\Database\SQLite3\Connection->initialize()
#4 /home/miaronr/Documents/S4/mr_rojo/mobile_money_exam_s4/app/Controllers/Home.php(11): CodeIgniter\Database\BaseConnection->query()
#5 /home/miaronr/Documents/S4/mr_rojo/mobile_money_exam_s4/system/CodeIgniter.php(974): App\Controllers\Home->index()
#6 /home/miaronr/Documents/S4/mr_rojo/mobile_money_exam_s4/system/CodeIgniter.php(520): CodeIgniter\CodeIgniter->runController()
#7 /home/miaronr/Documents/S4/mr_rojo/mobile_money_exam_s4/system/CodeIgniter.php(363): CodeIgniter\CodeIgniter->handleRequest()
#8 /home/miaronr/Documents/S4/mr_rojo/mobile_money_exam_s4/system/Boot.php(417): CodeIgniter\CodeIgniter->run()
#9 /home/miaronr/Documents/S4/mr_rojo/mobile_money_exam_s4/system/Boot.php(68): CodeIgniter\Boot::runCodeIgniter()
#10 /home/miaronr/Documents/S4/mr_rojo/mobile_money_exam_s4/public/index.php(59): CodeIgniter\Boot::bootWeb()
#11 /home/miaronr/Documents/S4/mr_rojo/mobile_money_exam_s4/system/rewrite.php(44): require_once('...')
#12 {main}

Next CodeIgniter\Database\Exceptions\DatabaseException: SQLite3 error: Unable to open database: unable to open database file in /home/miaronr/Documents/S4/mr_rojo/mobile_money_exam_s4/system/Database/SQLite3/Connection.php:118
Stack trace:
#0 /home/miaronr/Documents/S4/mr_rojo/mobile_money_exam_s4/system/Database/BaseConnection.php(555): CodeIgniter\Database\SQLite3\Connection->connect()
#1 /home/miaronr/Documents/S4/mr_rojo/mobile_money_exam_s4/system/Database/SQLite3/Connection.php(74): CodeIgniter\Database\BaseConnection->initialize()
#2 /home/miaronr/Documents/S4/mr_rojo/mobile_money_exam_s4/system/Database/BaseConnection.php(795): CodeIgniter\Database\SQLite3\Connection->initialize()
#3 /home/miaronr/Documents/S4/mr_rojo/mobile_money_exam_s4/app/Controllers/Home.php(11): CodeIgniter\Database\BaseConnection->query()
#4 /home/miaronr/Documents/S4/mr_rojo/mobile_money_exam_s4/system/CodeIgniter.php(974): App\Controllers\Home->index()
#5 /home/miaronr/Documents/S4/mr_rojo/mobile_money_exam_s4/system/CodeIgniter.php(520): CodeIgniter\CodeIgniter->runController()
#6 /home/miaronr/Documents/S4/mr_rojo/mobile_money_exam_s4/system/CodeIgniter.php(363): CodeIgniter\CodeIgniter->handleRequest()
#7 /home/miaronr/Documents/S4/mr_rojo/mobile_money_exam_s4/system/Boot.php(417): CodeIgniter\CodeIgniter->run()
#8 /home/miaronr/Documents/S4/mr_rojo/mobile_money_exam_s4/system/Boot.php(68): CodeIgniter\Boot::runCodeIgniter()
#9 /home/miaronr/Documents/S4/mr_rojo/mobile_money_exam_s4/public/index.php(59): CodeIgniter\Boot::bootWeb()
#10 /home/miaronr/Documents/S4/mr_rojo/mobile_money_exam_s4/system/rewrite.php(44): require_once('...')
#11 {main}
ERROR - 2026-07-20 06:31:48 --> Error connecting to the database: Exception: Unable to open database: unable to open database file in /home/miaronr/Documents/S4/mr_rojo/mobile_money_exam_s4/system/Database/SQLite3/Connection.php:111
Stack trace:
#0 /home/miaronr/Documents/S4/mr_rojo/mobile_money_exam_s4/system/Database/SQLite3/Connection.php(111): SQLite3->__construct()
#1 /home/miaronr/Documents/S4/mr_rojo/mobile_money_exam_s4/system/Database/BaseConnection.php(555): CodeIgniter\Database\SQLite3\Connection->connect()
#2 /home/miaronr/Documents/S4/mr_rojo/mobile_money_exam_s4/system/Database/SQLite3/Connection.php(74): CodeIgniter\Database\BaseConnection->initialize()
#3 /home/miaronr/Documents/S4/mr_rojo/mobile_money_exam_s4/system/Database/BaseConnection.php(795): CodeIgniter\Database\SQLite3\Connection->initialize()
#4 /home/miaronr/Documents/S4/mr_rojo/mobile_money_exam_s4/app/Controllers/Home.php(11): CodeIgniter\Database\BaseConnection->query()
#5 /home/miaronr/Documents/S4/mr_rojo/mobile_money_exam_s4/system/CodeIgniter.php(974): App\Controllers\Home->index()
#6 /home/miaronr/Documents/S4/mr_rojo/mobile_money_exam_s4/system/CodeIgniter.php(520): CodeIgniter\CodeIgniter->runController()
#7 /home/miaronr/Documents/S4/mr_rojo/mobile_money_exam_s4/system/CodeIgniter.php(363): CodeIgniter\CodeIgniter->handleRequest()
#8 /home/miaronr/Documents/S4/mr_rojo/mobile_money_exam_s4/system/Boot.php(417): CodeIgniter\CodeIgniter->run()
#9 /home/miaronr/Documents/S4/mr_rojo/mobile_money_exam_s4/system/Boot.php(68): CodeIgniter\Boot::runCodeIgniter()
#10 /home/miaronr/Documents/S4/mr_rojo/mobile_money_exam_s4/public/index.php(59): CodeIgniter\Boot::bootWeb()
#11 /home/miaronr/Documents/S4/mr_rojo/mobile_money_exam_s4/system/rewrite.php(44): require_once('...')
#12 {main}

Next CodeIgniter\Database\Exceptions\DatabaseException: SQLite3 error: Unable to open database: unable to open database file in /home/miaronr/Documents/S4/mr_rojo/mobile_money_exam_s4/system/Database/SQLite3/Connection.php:118
Stack trace:
#0 /home/miaronr/Documents/S4/mr_rojo/mobile_money_exam_s4/system/Database/BaseConnection.php(555): CodeIgniter\Database\SQLite3\Connection->connect()
#1 /home/miaronr/Documents/S4/mr_rojo/mobile_money_exam_s4/system/Database/SQLite3/Connection.php(74): CodeIgniter\Database\BaseConnection->initialize()
#2 /home/miaronr/Documents/S4/mr_rojo/mobile_money_exam_s4/system/Database/BaseConnection.php(795): CodeIgniter\Database\SQLite3\Connection->initialize()
#3 /home/miaronr/Documents/S4/mr_rojo/mobile_money_exam_s4/app/Controllers/Home.php(11): CodeIgniter\Database\BaseConnection->query()
#4 /home/miaronr/Documents/S4/mr_rojo/mobile_money_exam_s4/system/CodeIgniter.php(974): App\Controllers\Home->index()
#5 /home/miaronr/Documents/S4/mr_rojo/mobile_money_exam_s4/system/CodeIgniter.php(520): CodeIgniter\CodeIgniter->runController()
#6 /home/miaronr/Documents/S4/mr_rojo/mobile_money_exam_s4/system/CodeIgniter.php(363): CodeIgniter\CodeIgniter->handleRequest()
#7 /home/miaronr/Documents/S4/mr_rojo/mobile_money_exam_s4/system/Boot.php(417): CodeIgniter\CodeIgniter->run()
#8 /home/miaronr/Documents/S4/mr_rojo/mobile_money_exam_s4/system/Boot.php(68): CodeIgniter\Boot::runCodeIgniter()
#9 /home/miaronr/Documents/S4/mr_rojo/mobile_money_exam_s4/public/index.php(59): CodeIgniter\Boot::bootWeb()
#10 /home/miaronr/Documents/S4/mr_rojo/mobile_money_exam_s4/system/rewrite.php(44): require_once('...')
#11 {main}
ERROR - 2026-07-20 06:31:59 --> Error connecting to the database: Exception: Unable to open database: unable to open database file in /home/miaronr/Documents/S4/mr_rojo/mobile_money_exam_s4/system/Database/SQLite3/Connection.php:111
Stack trace:
#0 /home/miaronr/Documents/S4/mr_rojo/mobile_money_exam_s4/system/Database/SQLite3/Connection.php(111): SQLite3->__construct()
#1 /home/miaronr/Documents/S4/mr_rojo/mobile_money_exam_s4/system/Database/BaseConnection.php(555): CodeIgniter\Database\SQLite3\Connection->connect()
#2 /home/miaronr/Documents/S4/mr_rojo/mobile_money_exam_s4/system/Database/SQLite3/Connection.php(74): CodeIgniter\Database\BaseConnection->initialize()
#3 /home/miaronr/Documents/S4/mr_rojo/mobile_money_exam_s4/system/Database/BaseConnection.php(795): CodeIgniter\Database\SQLite3\Connection->initialize()
#4 /home/miaronr/Documents/S4/mr_rojo/mobile_money_exam_s4/app/Controllers/Home.php(14): CodeIgniter\Database\BaseConnection->query()
#5 /home/miaronr/Documents/S4/mr_rojo/mobile_money_exam_s4/system/CodeIgniter.php(974): App\Controllers\Home->index()
#6 /home/miaronr/Documents/S4/mr_rojo/mobile_money_exam_s4/system/CodeIgniter.php(520): CodeIgniter\CodeIgniter->runController()
#7 /home/miaronr/Documents/S4/mr_rojo/mobile_money_exam_s4/system/CodeIgniter.php(363): CodeIgniter\CodeIgniter->handleRequest()
#8 /home/miaronr/Documents/S4/mr_rojo/mobile_money_exam_s4/system/Boot.php(417): CodeIgniter\CodeIgniter->run()
#9 /home/miaronr/Documents/S4/mr_rojo/mobile_money_exam_s4/system/Boot.php(68): CodeIgniter\Boot::runCodeIgniter()
#10 /home/miaronr/Documents/S4/mr_rojo/mobile_money_exam_s4/public/index.php(59): CodeIgniter\Boot::bootWeb()
#11 /home/miaronr/Documents/S4/mr_rojo/mobile_money_exam_s4/system/rewrite.php(44): require_once('...')
#12 {main}

Next CodeIgniter\Database\Exceptions\DatabaseException: SQLite3 error: Unable to open database: unable to open database file in /home/miaronr/Documents/S4/mr_rojo/mobile_money_exam_s4/system/Database/SQLite3/Connection.php:118
Stack trace:
#0 /home/miaronr/Documents/S4/mr_rojo/mobile_money_exam_s4/system/Database/BaseConnection.php(555): CodeIgniter\Database\SQLite3\Connection->connect()
#1 /home/miaronr/Documents/S4/mr_rojo/mobile_money_exam_s4/system/Database/SQLite3/Connection.php(74): CodeIgniter\Database\BaseConnection->initialize()
#2 /home/miaronr/Documents/S4/mr_rojo/mobile_money_exam_s4/system/Database/BaseConnection.php(795): CodeIgniter\Database\SQLite3\Connection->initialize()
#3 /home/miaronr/Documents/S4/mr_rojo/mobile_money_exam_s4/app/Controllers/Home.php(14): CodeIgniter\Database\BaseConnection->query()
#4 /home/miaronr/Documents/S4/mr_rojo/mobile_money_exam_s4/system/CodeIgniter.php(974): App\Controllers\Home->index()
#5 /home/miaronr/Documents/S4/mr_rojo/mobile_money_exam_s4/system/CodeIgniter.php(520): CodeIgniter\CodeIgniter->runController()
#6 /home/miaronr/Documents/S4/mr_rojo/mobile_money_exam_s4/system/CodeIgniter.php(363): CodeIgniter\CodeIgniter->handleRequest()
#7 /home/miaronr/Documents/S4/mr_rojo/mobile_money_exam_s4/system/Boot.php(417): CodeIgniter\CodeIgniter->run()
#8 /home/miaronr/Documents/S4/mr_rojo/mobile_money_exam_s4/system/Boot.php(68): CodeIgniter\Boot::runCodeIgniter()
#9 /home/miaronr/Documents/S4/mr_rojo/mobile_money_exam_s4/public/index.php(59): CodeIgniter\Boot::bootWeb()
#10 /home/miaronr/Documents/S4/mr_rojo/mobile_money_exam_s4/system/rewrite.php(44): require_once('...')
#11 {main}
ERROR - 2026-07-20 06:31:59 --> Error connecting to the database: Exception: Unable to open database: unable to open database file in /home/miaronr/Documents/S4/mr_rojo/mobile_money_exam_s4/system/Database/SQLite3/Connection.php:111
Stack trace:
#0 /home/miaronr/Documents/S4/mr_rojo/mobile_money_exam_s4/system/Database/SQLite3/Connection.php(111): SQLite3->__construct()
#1 /home/miaronr/Documents/S4/mr_rojo/mobile_money_exam_s4/system/Database/BaseConnection.php(555): CodeIgniter\Database\SQLite3\Connection->connect()
#2 /home/miaronr/Documents/S4/mr_rojo/mobile_money_exam_s4/system/Database/SQLite3/Connection.php(74): CodeIgniter\Database\BaseConnection->initialize()
#3 /home/miaronr/Documents/S4/mr_rojo/mobile_money_exam_s4/system/Database/BaseConnection.php(795): CodeIgniter\Database\SQLite3\Connection->initialize()
#4 /home/miaronr/Documents/S4/mr_rojo/mobile_money_exam_s4/app/Controllers/Home.php(14): CodeIgniter\Database\BaseConnection->query()
#5 /home/miaronr/Documents/S4/mr_rojo/mobile_money_exam_s4/system/CodeIgniter.php(974): App\Controllers\Home->index()
#6 /home/miaronr/Documents/S4/mr_rojo/mobile_money_exam_s4/system/CodeIgniter.php(520): CodeIgniter\CodeIgniter->runController()
#7 /home/miaronr/Documents/S4/mr_rojo/mobile_money_exam_s4/system/CodeIgniter.php(363): CodeIgniter\CodeIgniter->handleRequest()
#8 /home/miaronr/Documents/S4/mr_rojo/mobile_money_exam_s4/system/Boot.php(417): CodeIgniter\CodeIgniter->run()
#9 /home/miaronr/Documents/S4/mr_rojo/mobile_money_exam_s4/system/Boot.php(68): CodeIgniter\Boot::runCodeIgniter()
#10 /home/miaronr/Documents/S4/mr_rojo/mobile_money_exam_s4/public/index.php(59): CodeIgniter\Boot::bootWeb()
#11 /home/miaronr/Documents/S4/mr_rojo/mobile_money_exam_s4/system/rewrite.php(44): require_once('...')
#12 {main}

Next CodeIgniter\Database\Exceptions\DatabaseException: SQLite3 error: Unable to open database: unable to open database file in /home/miaronr/Documents/S4/mr_rojo/mobile_money_exam_s4/system/Database/SQLite3/Connection.php:118
Stack trace:
#0 /home/miaronr/Documents/S4/mr_rojo/mobile_money_exam_s4/system/Database/BaseConnection.php(555): CodeIgniter\Database\SQLite3\Connection->connect()
#1 /home/miaronr/Documents/S4/mr_rojo/mobile_money_exam_s4/system/Database/SQLite3/Connection.php(74): CodeIgniter\Database\BaseConnection->initialize()
#2 /home/miaronr/Documents/S4/mr_rojo/mobile_money_exam_s4/system/Database/BaseConnection.php(795): CodeIgniter\Database\SQLite3\Connection->initialize()
#3 /home/miaronr/Documents/S4/mr_rojo/mobile_money_exam_s4/app/Controllers/Home.php(14): CodeIgniter\Database\BaseConnection->query()
#4 /home/miaronr/Documents/S4/mr_rojo/mobile_money_exam_s4/system/CodeIgniter.php(974): App\Controllers\Home->index()
#5 /home/miaronr/Documents/S4/mr_rojo/mobile_money_exam_s4/system/CodeIgniter.php(520): CodeIgniter\CodeIgniter->runController()
#6 /home/miaronr/Documents/S4/mr_rojo/mobile_money_exam_s4/system/CodeIgniter.php(363): CodeIgniter\CodeIgniter->handleRequest()
#7 /home/miaronr/Documents/S4/mr_rojo/mobile_money_exam_s4/system/Boot.php(417): CodeIgniter\CodeIgniter->run()
#8 /home/miaronr/Documents/S4/mr_rojo/mobile_money_exam_s4/system/Boot.php(68): CodeIgniter\Boot::runCodeIgniter()
#9 /home/miaronr/Documents/S4/mr_rojo/mobile_money_exam_s4/public/index.php(59): CodeIgniter\Boot::bootWeb()
#10 /home/miaronr/Documents/S4/mr_rojo/mobile_money_exam_s4/system/rewrite.php(44): require_once('...')
#11 {main}
ERROR - 2026-07-20 06:32:00 --> Error connecting to the database: Exception: Unable to open database: unable to open database file in /home/miaronr/Documents/S4/mr_rojo/mobile_money_exam_s4/system/Database/SQLite3/Connection.php:111
Stack trace:
#0 /home/miaronr/Documents/S4/mr_rojo/mobile_money_exam_s4/system/Database/SQLite3/Connection.php(111): SQLite3->__construct()
#1 /home/miaronr/Documents/S4/mr_rojo/mobile_money_exam_s4/system/Database/BaseConnection.php(555): CodeIgniter\Database\SQLite3\Connection->connect()
#2 /home/miaronr/Documents/S4/mr_rojo/mobile_money_exam_s4/system/Database/SQLite3/Connection.php(74): CodeIgniter\Database\BaseConnection->initialize()
#3 /home/miaronr/Documents/S4/mr_rojo/mobile_money_exam_s4/system/Database/BaseConnection.php(795): CodeIgniter\Database\SQLite3\Connection->initialize()
#4 /home/miaronr/Documents/S4/mr_rojo/mobile_money_exam_s4/app/Controllers/Home.php(14): CodeIgniter\Database\BaseConnection->query()
#5 /home/miaronr/Documents/S4/mr_rojo/mobile_money_exam_s4/system/CodeIgniter.php(974): App\Controllers\Home->index()
#6 /home/miaronr/Documents/S4/mr_rojo/mobile_money_exam_s4/system/CodeIgniter.php(520): CodeIgniter\CodeIgniter->runController()
#7 /home/miaronr/Documents/S4/mr_rojo/mobile_money_exam_s4/system/CodeIgniter.php(363): CodeIgniter\CodeIgniter->handleRequest()
#8 /home/miaronr/Documents/S4/mr_rojo/mobile_money_exam_s4/system/Boot.php(417): CodeIgniter\CodeIgniter->run()
#9 /home/miaronr/Documents/S4/mr_rojo/mobile_money_exam_s4/system/Boot.php(68): CodeIgniter\Boot::runCodeIgniter()
#10 /home/miaronr/Documents/S4/mr_rojo/mobile_money_exam_s4/public/index.php(59): CodeIgniter\Boot::bootWeb()
#11 /home/miaronr/Documents/S4/mr_rojo/mobile_money_exam_s4/system/rewrite.php(44): require_once('...')
#12 {main}

Next CodeIgniter\Database\Exceptions\DatabaseException: SQLite3 error: Unable to open database: unable to open database file in /home/miaronr/Documents/S4/mr_rojo/mobile_money_exam_s4/system/Database/SQLite3/Connection.php:118
Stack trace:
#0 /home/miaronr/Documents/S4/mr_rojo/mobile_money_exam_s4/system/Database/BaseConnection.php(555): CodeIgniter\Database\SQLite3\Connection->connect()
#1 /home/miaronr/Documents/S4/mr_rojo/mobile_money_exam_s4/system/Database/SQLite3/Connection.php(74): CodeIgniter\Database\BaseConnection->initialize()
#2 /home/miaronr/Documents/S4/mr_rojo/mobile_money_exam_s4/system/Database/BaseConnection.php(795): CodeIgniter\Database\SQLite3\Connection->initialize()
#3 /home/miaronr/Documents/S4/mr_rojo/mobile_money_exam_s4/app/Controllers/Home.php(14): CodeIgniter\Database\BaseConnection->query()
#4 /home/miaronr/Documents/S4/mr_rojo/mobile_money_exam_s4/system/CodeIgniter.php(974): App\Controllers\Home->index()
#5 /home/miaronr/Documents/S4/mr_rojo/mobile_money_exam_s4/system/CodeIgniter.php(520): CodeIgniter\CodeIgniter->runController()
#6 /home/miaronr/Documents/S4/mr_rojo/mobile_money_exam_s4/system/CodeIgniter.php(363): CodeIgniter\CodeIgniter->handleRequest()
#7 /home/miaronr/Documents/S4/mr_rojo/mobile_money_exam_s4/system/Boot.php(417): CodeIgniter\CodeIgniter->run()
#8 /home/miaronr/Documents/S4/mr_rojo/mobile_money_exam_s4/system/Boot.php(68): CodeIgniter\Boot::runCodeIgniter()
#9 /home/miaronr/Documents/S4/mr_rojo/mobile_money_exam_s4/public/index.php(59): CodeIgniter\Boot::bootWeb()
#10 /home/miaronr/Documents/S4/mr_rojo/mobile_money_exam_s4/system/rewrite.php(44): require_once('...')
#11 {main}
ERROR - 2026-07-20 06:33:20 --> Error connecting to the database: Exception: Unable to open database: unable to open database file in /home/miaronr/Documents/S4/mr_rojo/mobile_money_exam_s4/system/Database/SQLite3/Connection.php:111
Stack trace:
#0 /home/miaronr/Documents/S4/mr_rojo/mobile_money_exam_s4/system/Database/SQLite3/Connection.php(111): SQLite3->__construct()
#1 /home/miaronr/Documents/S4/mr_rojo/mobile_money_exam_s4/system/Database/BaseConnection.php(555): CodeIgniter\Database\SQLite3\Connection->connect()
#2 /home/miaronr/Documents/S4/mr_rojo/mobile_money_exam_s4/system/Database/SQLite3/Connection.php(74): CodeIgniter\Database\BaseConnection->initialize()
#3 /home/miaronr/Documents/S4/mr_rojo/mobile_money_exam_s4/system/Database/BaseConnection.php(795): CodeIgniter\Database\SQLite3\Connection->initialize()
#4 /home/miaronr/Documents/S4/mr_rojo/mobile_money_exam_s4/app/Controllers/Home.php(12): CodeIgniter\Database\BaseConnection->query()
#5 /home/miaronr/Documents/S4/mr_rojo/mobile_money_exam_s4/system/CodeIgniter.php(974): App\Controllers\Home->index()
#6 /home/miaronr/Documents/S4/mr_rojo/mobile_money_exam_s4/system/CodeIgniter.php(520): CodeIgniter\CodeIgniter->runController()
#7 /home/miaronr/Documents/S4/mr_rojo/mobile_money_exam_s4/system/CodeIgniter.php(363): CodeIgniter\CodeIgniter->handleRequest()
#8 /home/miaronr/Documents/S4/mr_rojo/mobile_money_exam_s4/system/Boot.php(417): CodeIgniter\CodeIgniter->run()
#9 /home/miaronr/Documents/S4/mr_rojo/mobile_money_exam_s4/system/Boot.php(68): CodeIgniter\Boot::runCodeIgniter()
#10 /home/miaronr/Documents/S4/mr_rojo/mobile_money_exam_s4/public/index.php(59): CodeIgniter\Boot::bootWeb()
#11 /home/miaronr/Documents/S4/mr_rojo/mobile_money_exam_s4/system/rewrite.php(44): require_once('...')
#12 {main}

Next CodeIgniter\Database\Exceptions\DatabaseException: SQLite3 error: Unable to open database: unable to open database file in /home/miaronr/Documents/S4/mr_rojo/mobile_money_exam_s4/system/Database/SQLite3/Connection.php:118
Stack trace:
#0 /home/miaronr/Documents/S4/mr_rojo/mobile_money_exam_s4/system/Database/BaseConnection.php(555): CodeIgniter\Database\SQLite3\Connection->connect()
#1 /home/miaronr/Documents/S4/mr_rojo/mobile_money_exam_s4/system/Database/SQLite3/Connection.php(74): CodeIgniter\Database\BaseConnection->initialize()
#2 /home/miaronr/Documents/S4/mr_rojo/mobile_money_exam_s4/system/Database/BaseConnection.php(795): CodeIgniter\Database\SQLite3\Connection->initialize()
#3 /home/miaronr/Documents/S4/mr_rojo/mobile_money_exam_s4/app/Controllers/Home.php(12): CodeIgniter\Database\BaseConnection->query()
#4 /home/miaronr/Documents/S4/mr_rojo/mobile_money_exam_s4/system/CodeIgniter.php(974): App\Controllers\Home->index()
#5 /home/miaronr/Documents/S4/mr_rojo/mobile_money_exam_s4/system/CodeIgniter.php(520): CodeIgniter\CodeIgniter->runController()
#6 /home/miaronr/Documents/S4/mr_rojo/mobile_money_exam_s4/system/CodeIgniter.php(363): CodeIgniter\CodeIgniter->handleRequest()
#7 /home/miaronr/Documents/S4/mr_rojo/mobile_money_exam_s4/system/Boot.php(417): CodeIgniter\CodeIgniter->run()
#8 /home/miaronr/Documents/S4/mr_rojo/mobile_money_exam_s4/system/Boot.php(68): CodeIgniter\Boot::runCodeIgniter()
#9 /home/miaronr/Documents/S4/mr_rojo/mobile_money_exam_s4/public/index.php(59): CodeIgniter\Boot::bootWeb()
#10 /home/miaronr/Documents/S4/mr_rojo/mobile_money_exam_s4/system/rewrite.php(44): require_once('...')
#11 {main}
ERROR - 2026-07-20 06:33:21 --> Error connecting to the database: Exception: Unable to open database: unable to open database file in /home/miaronr/Documents/S4/mr_rojo/mobile_money_exam_s4/system/Database/SQLite3/Connection.php:111
Stack trace:
#0 /home/miaronr/Documents/S4/mr_rojo/mobile_money_exam_s4/system/Database/SQLite3/Connection.php(111): SQLite3->__construct()
#1 /home/miaronr/Documents/S4/mr_rojo/mobile_money_exam_s4/system/Database/BaseConnection.php(555): CodeIgniter\Database\SQLite3\Connection->connect()
#2 /home/miaronr/Documents/S4/mr_rojo/mobile_money_exam_s4/system/Database/SQLite3/Connection.php(74): CodeIgniter\Database\BaseConnection->initialize()
#3 /home/miaronr/Documents/S4/mr_rojo/mobile_money_exam_s4/system/Database/BaseConnection.php(795): CodeIgniter\Database\SQLite3\Connection->initialize()
#4 /home/miaronr/Documents/S4/mr_rojo/mobile_money_exam_s4/app/Controllers/Home.php(12): CodeIgniter\Database\BaseConnection->query()
#5 /home/miaronr/Documents/S4/mr_rojo/mobile_money_exam_s4/system/CodeIgniter.php(974): App\Controllers\Home->index()
#6 /home/miaronr/Documents/S4/mr_rojo/mobile_money_exam_s4/system/CodeIgniter.php(520): CodeIgniter\CodeIgniter->runController()
#7 /home/miaronr/Documents/S4/mr_rojo/mobile_money_exam_s4/system/CodeIgniter.php(363): CodeIgniter\CodeIgniter->handleRequest()
#8 /home/miaronr/Documents/S4/mr_rojo/mobile_money_exam_s4/system/Boot.php(417): CodeIgniter\CodeIgniter->run()
#9 /home/miaronr/Documents/S4/mr_rojo/mobile_money_exam_s4/system/Boot.php(68): CodeIgniter\Boot::runCodeIgniter()
#10 /home/miaronr/Documents/S4/mr_rojo/mobile_money_exam_s4/public/index.php(59): CodeIgniter\Boot::bootWeb()
#11 /home/miaronr/Documents/S4/mr_rojo/mobile_money_exam_s4/system/rewrite.php(44): require_once('...')
#12 {main}

Next CodeIgniter\Database\Exceptions\DatabaseException: SQLite3 error: Unable to open database: unable to open database file in /home/miaronr/Documents/S4/mr_rojo/mobile_money_exam_s4/system/Database/SQLite3/Connection.php:118
Stack trace:
#0 /home/miaronr/Documents/S4/mr_rojo/mobile_money_exam_s4/system/Database/BaseConnection.php(555): CodeIgniter\Database\SQLite3\Connection->connect()
#1 /home/miaronr/Documents/S4/mr_rojo/mobile_money_exam_s4/system/Database/SQLite3/Connection.php(74): CodeIgniter\Database\BaseConnection->initialize()
#2 /home/miaronr/Documents/S4/mr_rojo/mobile_money_exam_s4/system/Database/BaseConnection.php(795): CodeIgniter\Database\SQLite3\Connection->initialize()
#3 /home/miaronr/Documents/S4/mr_rojo/mobile_money_exam_s4/app/Controllers/Home.php(12): CodeIgniter\Database\BaseConnection->query()
#4 /home/miaronr/Documents/S4/mr_rojo/mobile_money_exam_s4/system/CodeIgniter.php(974): App\Controllers\Home->index()
#5 /home/miaronr/Documents/S4/mr_rojo/mobile_money_exam_s4/system/CodeIgniter.php(520): CodeIgniter\CodeIgniter->runController()
#6 /home/miaronr/Documents/S4/mr_rojo/mobile_money_exam_s4/system/CodeIgniter.php(363): CodeIgniter\CodeIgniter->handleRequest()
#7 /home/miaronr/Documents/S4/mr_rojo/mobile_money_exam_s4/system/Boot.php(417): CodeIgniter\CodeIgniter->run()
#8 /home/miaronr/Documents/S4/mr_rojo/mobile_money_exam_s4/system/Boot.php(68): CodeIgniter\Boot::runCodeIgniter()
#9 /home/miaronr/Documents/S4/mr_rojo/mobile_money_exam_s4/public/index.php(59): CodeIgniter\Boot::bootWeb()
#10 /home/miaronr/Documents/S4/mr_rojo/mobile_money_exam_s4/system/rewrite.php(44): require_once('...')
#11 {main}
ERROR - 2026-07-20 06:33:21 --> Error connecting to the database: Exception: Unable to open database: unable to open database file in /home/miaronr/Documents/S4/mr_rojo/mobile_money_exam_s4/system/Database/SQLite3/Connection.php:111
Stack trace:
#0 /home/miaronr/Documents/S4/mr_rojo/mobile_money_exam_s4/system/Database/SQLite3/Connection.php(111): SQLite3->__construct()
#1 /home/miaronr/Documents/S4/mr_rojo/mobile_money_exam_s4/system/Database/BaseConnection.php(555): CodeIgniter\Database\SQLite3\Connection->connect()
#2 /home/miaronr/Documents/S4/mr_rojo/mobile_money_exam_s4/system/Database/SQLite3/Connection.php(74): CodeIgniter\Database\BaseConnection->initialize()
#3 /home/miaronr/Documents/S4/mr_rojo/mobile_money_exam_s4/system/Database/BaseConnection.php(795): CodeIgniter\Database\SQLite3\Connection->initialize()
#4 /home/miaronr/Documents/S4/mr_rojo/mobile_money_exam_s4/app/Controllers/Home.php(12): CodeIgniter\Database\BaseConnection->query()
#5 /home/miaronr/Documents/S4/mr_rojo/mobile_money_exam_s4/system/CodeIgniter.php(974): App\Controllers\Home->index()
#6 /home/miaronr/Documents/S4/mr_rojo/mobile_money_exam_s4/system/CodeIgniter.php(520): CodeIgniter\CodeIgniter->runController()
#7 /home/miaronr/Documents/S4/mr_rojo/mobile_money_exam_s4/system/CodeIgniter.php(363): CodeIgniter\CodeIgniter->handleRequest()
#8 /home/miaronr/Documents/S4/mr_rojo/mobile_money_exam_s4/system/Boot.php(417): CodeIgniter\CodeIgniter->run()
#9 /home/miaronr/Documents/S4/mr_rojo/mobile_money_exam_s4/system/Boot.php(68): CodeIgniter\Boot::runCodeIgniter()
#10 /home/miaronr/Documents/S4/mr_rojo/mobile_money_exam_s4/public/index.php(59): CodeIgniter\Boot::bootWeb()
#11 /home/miaronr/Documents/S4/mr_rojo/mobile_money_exam_s4/system/rewrite.php(44): require_once('...')
#12 {main}

Next CodeIgniter\Database\Exceptions\DatabaseException: SQLite3 error: Unable to open database: unable to open database file in /home/miaronr/Documents/S4/mr_rojo/mobile_money_exam_s4/system/Database/SQLite3/Connection.php:118
Stack trace:
#0 /home/miaronr/Documents/S4/mr_rojo/mobile_money_exam_s4/system/Database/BaseConnection.php(555): CodeIgniter\Database\SQLite3\Connection->connect()
#1 /home/miaronr/Documents/S4/mr_rojo/mobile_money_exam_s4/system/Database/SQLite3/Connection.php(74): CodeIgniter\Database\BaseConnection->initialize()
#2 /home/miaronr/Documents/S4/mr_rojo/mobile_money_exam_s4/system/Database/BaseConnection.php(795): CodeIgniter\Database\SQLite3\Connection->initialize()
#3 /home/miaronr/Documents/S4/mr_rojo/mobile_money_exam_s4/app/Controllers/Home.php(12): CodeIgniter\Database\BaseConnection->query()
#4 /home/miaronr/Documents/S4/mr_rojo/mobile_money_exam_s4/system/CodeIgniter.php(974): App\Controllers\Home->index()
#5 /home/miaronr/Documents/S4/mr_rojo/mobile_money_exam_s4/system/CodeIgniter.php(520): CodeIgniter\CodeIgniter->runController()
#6 /home/miaronr/Documents/S4/mr_rojo/mobile_money_exam_s4/system/CodeIgniter.php(363): CodeIgniter\CodeIgniter->handleRequest()
#7 /home/miaronr/Documents/S4/mr_rojo/mobile_money_exam_s4/system/Boot.php(417): CodeIgniter\CodeIgniter->run()
#8 /home/miaronr/Documents/S4/mr_rojo/mobile_money_exam_s4/system/Boot.php(68): CodeIgniter\Boot::runCodeIgniter()
#9 /home/miaronr/Documents/S4/mr_rojo/mobile_money_exam_s4/public/index.php(59): CodeIgniter\Boot::bootWeb()
#10 /home/miaronr/Documents/S4/mr_rojo/mobile_money_exam_s4/system/rewrite.php(44): require_once('...')
#11 {main}
CRITICAL - 2026-07-20 06:33:49 --> Error: Class "App\Controllers\SQLite3" not found
[Method: GET, Route: /]
in APPPATH/Controllers/Home.php on line 10.
 1 SYSTEMPATH/CodeIgniter.php(974): App\Controllers\Home->index()
 2 SYSTEMPATH/CodeIgniter.php(520): CodeIgniter\CodeIgniter->runController()
 3 SYSTEMPATH/CodeIgniter.php(363): CodeIgniter\CodeIgniter->handleRequest()
 4 SYSTEMPATH/Boot.php(417): CodeIgniter\CodeIgniter->run()
 5 SYSTEMPATH/Boot.php(68): CodeIgniter\Boot::runCodeIgniter()
 6 FCPATH/index.php(59): CodeIgniter\Boot::bootWeb()
 7 SYSTEMPATH/rewrite.php(44): require_once('/home/miaronr/Documents/S4/mr_rojo/mobile_money_exam_s4/public/index.php')
ERROR - 2026-07-20 06:33:55 --> Error connecting to the database: Exception: Unable to open database: unable to open database file in /home/miaronr/Documents/S4/mr_rojo/mobile_money_exam_s4/system/Database/SQLite3/Connection.php:111
Stack trace:
#0 /home/miaronr/Documents/S4/mr_rojo/mobile_money_exam_s4/system/Database/SQLite3/Connection.php(111): SQLite3->__construct()
#1 /home/miaronr/Documents/S4/mr_rojo/mobile_money_exam_s4/system/Database/BaseConnection.php(555): CodeIgniter\Database\SQLite3\Connection->connect()
#2 /home/miaronr/Documents/S4/mr_rojo/mobile_money_exam_s4/system/Database/SQLite3/Connection.php(74): CodeIgniter\Database\BaseConnection->initialize()
#3 /home/miaronr/Documents/S4/mr_rojo/mobile_money_exam_s4/system/Database/BaseConnection.php(795): CodeIgniter\Database\SQLite3\Connection->initialize()
#4 /home/miaronr/Documents/S4/mr_rojo/mobile_money_exam_s4/app/Controllers/Home.php(12): CodeIgniter\Database\BaseConnection->query()
#5 /home/miaronr/Documents/S4/mr_rojo/mobile_money_exam_s4/system/CodeIgniter.php(974): App\Controllers\Home->index()
#6 /home/miaronr/Documents/S4/mr_rojo/mobile_money_exam_s4/system/CodeIgniter.php(520): CodeIgniter\CodeIgniter->runController()
#7 /home/miaronr/Documents/S4/mr_rojo/mobile_money_exam_s4/system/CodeIgniter.php(363): CodeIgniter\CodeIgniter->handleRequest()
#8 /home/miaronr/Documents/S4/mr_rojo/mobile_money_exam_s4/system/Boot.php(417): CodeIgniter\CodeIgniter->run()
#9 /home/miaronr/Documents/S4/mr_rojo/mobile_money_exam_s4/system/Boot.php(68): CodeIgniter\Boot::runCodeIgniter()
#10 /home/miaronr/Documents/S4/mr_rojo/mobile_money_exam_s4/public/index.php(59): CodeIgniter\Boot::bootWeb()
#11 /home/miaronr/Documents/S4/mr_rojo/mobile_money_exam_s4/system/rewrite.php(44): require_once('...')
#12 {main}

Next CodeIgniter\Database\Exceptions\DatabaseException: SQLite3 error: Unable to open database: unable to open database file in /home/miaronr/Documents/S4/mr_rojo/mobile_money_exam_s4/system/Database/SQLite3/Connection.php:118
Stack trace:
#0 /home/miaronr/Documents/S4/mr_rojo/mobile_money_exam_s4/system/Database/BaseConnection.php(555): CodeIgniter\Database\SQLite3\Connection->connect()
#1 /home/miaronr/Documents/S4/mr_rojo/mobile_money_exam_s4/system/Database/SQLite3/Connection.php(74): CodeIgniter\Database\BaseConnection->initialize()
#2 /home/miaronr/Documents/S4/mr_rojo/mobile_money_exam_s4/system/Database/BaseConnection.php(795): CodeIgniter\Database\SQLite3\Connection->initialize()
#3 /home/miaronr/Documents/S4/mr_rojo/mobile_money_exam_s4/app/Controllers/Home.php(12): CodeIgniter\Database\BaseConnection->query()
#4 /home/miaronr/Documents/S4/mr_rojo/mobile_money_exam_s4/system/CodeIgniter.php(974): App\Controllers\Home->index()
#5 /home/miaronr/Documents/S4/mr_rojo/mobile_money_exam_s4/system/CodeIgniter.php(520): CodeIgniter\CodeIgniter->runController()
#6 /home/miaronr/Documents/S4/mr_rojo/mobile_money_exam_s4/system/CodeIgniter.php(363): CodeIgniter\CodeIgniter->handleRequest()
#7 /home/miaronr/Documents/S4/mr_rojo/mobile_money_exam_s4/system/Boot.php(417): CodeIgniter\CodeIgniter->run()
#8 /home/miaronr/Documents/S4/mr_rojo/mobile_money_exam_s4/system/Boot.php(68): CodeIgniter\Boot::runCodeIgniter()
#9 /home/miaronr/Documents/S4/mr_rojo/mobile_money_exam_s4/public/index.php(59): CodeIgniter\Boot::bootWeb()
#10 /home/miaronr/Documents/S4/mr_rojo/mobile_money_exam_s4/system/rewrite.php(44): require_once('...')
#11 {main}
ERROR - 2026-07-20 06:33:55 --> Error connecting to the database: Exception: Unable to open database: unable to open database file in /home/miaronr/Documents/S4/mr_rojo/mobile_money_exam_s4/system/Database/SQLite3/Connection.php:111
Stack trace:
#0 /home/miaronr/Documents/S4/mr_rojo/mobile_money_exam_s4/system/Database/SQLite3/Connection.php(111): SQLite3->__construct()
#1 /home/miaronr/Documents/S4/mr_rojo/mobile_money_exam_s4/system/Database/BaseConnection.php(555): CodeIgniter\Database\SQLite3\Connection->connect()
#2 /home/miaronr/Documents/S4/mr_rojo/mobile_money_exam_s4/system/Database/SQLite3/Connection.php(74): CodeIgniter\Database\BaseConnection->initialize()
#3 /home/miaronr/Documents/S4/mr_rojo/mobile_money_exam_s4/system/Database/BaseConnection.php(795): CodeIgniter\Database\SQLite3\Connection->initialize()
#4 /home/miaronr/Documents/S4/mr_rojo/mobile_money_exam_s4/app/Controllers/Home.php(12): CodeIgniter\Database\BaseConnection->query()
#5 /home/miaronr/Documents/S4/mr_rojo/mobile_money_exam_s4/system/CodeIgniter.php(974): App\Controllers\Home->index()
#6 /home/miaronr/Documents/S4/mr_rojo/mobile_money_exam_s4/system/CodeIgniter.php(520): CodeIgniter\CodeIgniter->runController()
#7 /home/miaronr/Documents/S4/mr_rojo/mobile_money_exam_s4/system/CodeIgniter.php(363): CodeIgniter\CodeIgniter->handleRequest()
#8 /home/miaronr/Documents/S4/mr_rojo/mobile_money_exam_s4/system/Boot.php(417): CodeIgniter\CodeIgniter->run()
#9 /home/miaronr/Documents/S4/mr_rojo/mobile_money_exam_s4/system/Boot.php(68): CodeIgniter\Boot::runCodeIgniter()
#10 /home/miaronr/Documents/S4/mr_rojo/mobile_money_exam_s4/public/index.php(59): CodeIgniter\Boot::bootWeb()
#11 /home/miaronr/Documents/S4/mr_rojo/mobile_money_exam_s4/system/rewrite.php(44): require_once('...')
#12 {main}

Next CodeIgniter\Database\Exceptions\DatabaseException: SQLite3 error: Unable to open database: unable to open database file in /home/miaronr/Documents/S4/mr_rojo/mobile_money_exam_s4/system/Database/SQLite3/Connection.php:118
Stack trace:
#0 /home/miaronr/Documents/S4/mr_rojo/mobile_money_exam_s4/system/Database/BaseConnection.php(555): CodeIgniter\Database\SQLite3\Connection->connect()
#1 /home/miaronr/Documents/S4/mr_rojo/mobile_money_exam_s4/system/Database/SQLite3/Connection.php(74): CodeIgniter\Database\BaseConnection->initialize()
#2 /home/miaronr/Documents/S4/mr_rojo/mobile_money_exam_s4/system/Database/BaseConnection.php(795): CodeIgniter\Database\SQLite3\Connection->initialize()
#3 /home/miaronr/Documents/S4/mr_rojo/mobile_money_exam_s4/app/Controllers/Home.php(12): CodeIgniter\Database\BaseConnection->query()
#4 /home/miaronr/Documents/S4/mr_rojo/mobile_money_exam_s4/system/CodeIgniter.php(974): App\Controllers\Home->index()
#5 /home/miaronr/Documents/S4/mr_rojo/mobile_money_exam_s4/system/CodeIgniter.php(520): CodeIgniter\CodeIgniter->runController()
#6 /home/miaronr/Documents/S4/mr_rojo/mobile_money_exam_s4/system/CodeIgniter.php(363): CodeIgniter\CodeIgniter->handleRequest()
#7 /home/miaronr/Documents/S4/mr_rojo/mobile_money_exam_s4/system/Boot.php(417): CodeIgniter\CodeIgniter->run()
#8 /home/miaronr/Documents/S4/mr_rojo/mobile_money_exam_s4/system/Boot.php(68): CodeIgniter\Boot::runCodeIgniter()
#9 /home/miaronr/Documents/S4/mr_rojo/mobile_money_exam_s4/public/index.php(59): CodeIgniter\Boot::bootWeb()
#10 /home/miaronr/Documents/S4/mr_rojo/mobile_money_exam_s4/system/rewrite.php(44): require_once('...')
#11 {main}
DEBUG - 2026-07-20 07:43:18 --> Session: Class initialized using 'CodeIgniter\Session\Handlers\FileHandler' driver.
DEBUG - 2026-07-20 07:51:47 --> Session: Class initialized using 'CodeIgniter\Session\Handlers\FileHandler' driver.
DEBUG - 2026-07-20 07:51:47 --> Session: Class initialized using 'CodeIgniter\Session\Handlers\FileHandler' driver.
DEBUG - 2026-07-20 07:52:31 --> Session: Class initialized using 'CodeIgniter\Session\Handlers\FileHandler' driver.
DEBUG - 2026-07-20 07:52:35 --> Session: Class initialized using 'CodeIgniter\Session\Handlers\FileHandler' driver.
DEBUG - 2026-07-20 07:52:41 --> Session: Class initialized using 'CodeIgniter\Session\Handlers\FileHandler' driver.
DEBUG - 2026-07-20 07:52:41 --> Session: Class initialized using 'CodeIgniter\Session\Handlers\FileHandler' driver.
DEBUG - 2026-07-20 07:52:52 --> Session: Class initialized using 'CodeIgniter\Session\Handlers\FileHandler' driver.
DEBUG - 2026-07-20 07:52:52 --> Session: Class initialized using 'CodeIgniter\Session\Handlers\FileHandler' driver.
DEBUG - 2026-07-20 07:53:35 --> Session: Class initialized using 'CodeIgniter\Session\Handlers\FileHandler' driver.
CRITICAL - 2026-07-20 07:59:52 --> CodeIgniter\HTTP\Exceptions\HTTPException: Failed to parse JSON string. Error: Syntax error
[Method: POST, Route: login]
in SYSTEMPATH/HTTP/IncomingRequest.php on line 410.
 1 SYSTEMPATH/HTTP/IncomingRequest.php(410): CodeIgniter\HTTP\Exceptions\HTTPException::forInvalidJSON()
 2 APPPATH/Controllers/AuthController.php(7): CodeIgniter\HTTP\IncomingRequest->getJSON()
 3 SYSTEMPATH/CodeIgniter.php(974): App\Controllers\AuthController->login()
 4 SYSTEMPATH/CodeIgniter.php(520): CodeIgniter\CodeIgniter->runController()
 5 SYSTEMPATH/CodeIgniter.php(363): CodeIgniter\CodeIgniter->handleRequest()
 6 SYSTEMPATH/Boot.php(417): CodeIgniter\CodeIgniter->run()
 7 SYSTEMPATH/Boot.php(68): CodeIgniter\Boot::runCodeIgniter()
 8 FCPATH/index.php(59): CodeIgniter\Boot::bootWeb()
 9 SYSTEMPATH/rewrite.php(44): require_once('/home/miaronr/Documents/S4/mr_rojo/mobile_money_exam_s4/public/index.php')
CRITICAL - 2026-07-20 08:00:08 --> CodeIgniter\HTTP\Exceptions\HTTPException: Failed to parse JSON string. Error: Syntax error
[Method: POST, Route: login]
in SYSTEMPATH/HTTP/IncomingRequest.php on line 410.
 1 SYSTEMPATH/HTTP/IncomingRequest.php(410): CodeIgniter\HTTP\Exceptions\HTTPException::forInvalidJSON()
 2 APPPATH/Controllers/AuthController.php(7): CodeIgniter\HTTP\IncomingRequest->getJSON()
 3 SYSTEMPATH/CodeIgniter.php(974): App\Controllers\AuthController->login()
 4 SYSTEMPATH/CodeIgniter.php(520): CodeIgniter\CodeIgniter->runController()
 5 SYSTEMPATH/CodeIgniter.php(363): CodeIgniter\CodeIgniter->handleRequest()
 6 SYSTEMPATH/Boot.php(417): CodeIgniter\CodeIgniter->run()
 7 SYSTEMPATH/Boot.php(68): CodeIgniter\Boot::runCodeIgniter()
 8 FCPATH/index.php(59): CodeIgniter\Boot::bootWeb()
 9 SYSTEMPATH/rewrite.php(44): require_once('/home/miaronr/Documents/S4/mr_rojo/mobile_money_exam_s4/public/index.php')
DEBUG - 2026-07-20 08:01:48 --> Session: Class initialized using 'CodeIgniter\Session\Handlers\FileHandler' driver.
CRITICAL - 2026-07-20 08:10:51 --> ErrorException: Type of App\Models\UtilisateurModel::$casts must be array (as in class CodeIgniter\BaseModel)
[Method: POST, Route: login]
in APPPATH/Models/UtilisateurModel.php on line 7.
 1 [internal function]: CodeIgniter\Debug\Exceptions->shutdownHandler()
DEBUG - 2026-07-20 08:11:10 --> Session: Class initialized using 'CodeIgniter\Session\Handlers\FileHandler' driver.
DEBUG - 2026-07-20 08:11:10 --> Session: Class initialized using 'CodeIgniter\Session\Handlers\FileHandler' driver.
DEBUG - 2026-07-20 08:11:31 --> Session: Class initialized using 'CodeIgniter\Session\Handlers\FileHandler' driver.
DEBUG - 2026-07-20 08:11:33 --> Session: Class initialized using 'CodeIgniter\Session\Handlers\FileHandler' driver.
DEBUG - 2026-07-20 08:11:33 --> Session: Class initialized using 'CodeIgniter\Session\Handlers\FileHandler' driver.
DEBUG - 2026-07-20 08:11:36 --> Session: Class initialized using 'CodeIgniter\Session\Handlers\FileHandler' driver.
DEBUG - 2026-07-20 08:11:36 --> Session: Class initialized using 'CodeIgniter\Session\Handlers\FileHandler' driver.
DEBUG - 2026-07-20 08:11:37 --> Session: Class initialized using 'CodeIgniter\Session\Handlers\FileHandler' driver.
DEBUG - 2026-07-20 08:11:37 --> Session: Class initialized using 'CodeIgniter\Session\Handlers\FileHandler' driver.
DEBUG - 2026-07-20 08:11:43 --> Session: Class initialized using 'CodeIgniter\Session\Handlers\FileHandler' driver.
DEBUG - 2026-07-20 08:11:43 --> Session: Class initialized using 'CodeIgniter\Session\Handlers\FileHandler' driver.
DEBUG - 2026-07-20 08:12:01 --> Session: Class initialized using 'CodeIgniter\Session\Handlers\FileHandler' driver.
DEBUG - 2026-07-20 08:16:27 --> Session: Class initialized using 'CodeIgniter\Session\Handlers\FileHandler' driver.
DEBUG - 2026-07-20 08:16:32 --> Session: Class initialized using 'CodeIgniter\Session\Handlers\FileHandler' driver.
DEBUG - 2026-07-20 08:16:53 --> Session: Class initialized using 'CodeIgniter\Session\Handlers\FileHandler' driver.
DEBUG - 2026-07-20 08:17:12 --> Session: Class initialized using 'CodeIgniter\Session\Handlers\FileHandler' driver.
DEBUG - 2026-07-20 08:17:23 --> Session: Class initialized using 'CodeIgniter\Session\Handlers\FileHandler' driver.
DEBUG - 2026-07-20 08:24:44 --> Session: Class initialized using 'CodeIgniter\Session\Handlers\FileHandler' driver.
CRITICAL - 2026-07-20 08:24:44 --> Error: Call to undefined method CodeIgniter\HTTP\IncomingRequest::getRoutePath()
[Method: GET, Route: /]
in APPPATH/Filters/AuthFilter.php on line 15.
 1 SYSTEMPATH/Filters/Filters.php(241): App\Filters\AuthFilter->before()
 2 SYSTEMPATH/Filters/Filters.php(221): CodeIgniter\Filters\Filters->runBefore()
 3 SYSTEMPATH/CodeIgniter.php(488): CodeIgniter\Filters\Filters->run()
 4 SYSTEMPATH/CodeIgniter.php(363): CodeIgniter\CodeIgniter->handleRequest()
 5 SYSTEMPATH/Boot.php(417): CodeIgniter\CodeIgniter->run()
 6 SYSTEMPATH/Boot.php(68): CodeIgniter\Boot::runCodeIgniter()
 7 FCPATH/index.php(59): CodeIgniter\Boot::bootWeb()
 8 SYSTEMPATH/rewrite.php(44): require_once('/home/miaronr/Documents/S4/mr_rojo/mobile_money_exam_s4/public/index.php')
DEBUG - 2026-07-20 08:27:16 --> Session: Class initialized using 'CodeIgniter\Session\Handlers\FileHandler' driver.
DEBUG - 2026-07-20 08:27:16 --> Session: Class initialized using 'CodeIgniter\Session\Handlers\FileHandler' driver.
DEBUG - 2026-07-20 08:29:01 --> Session: Class initialized using 'CodeIgniter\Session\Handlers\FileHandler' driver.
DEBUG - 2026-07-20 08:29:01 --> Session: Class initialized using 'CodeIgniter\Session\Handlers\FileHandler' driver.
DEBUG - 2026-07-20 08:29:01 --> Session: Class initialized using 'CodeIgniter\Session\Handlers\FileHandler' driver.
DEBUG - 2026-07-20 08:29:10 --> Session: Class initialized using 'CodeIgniter\Session\Handlers\FileHandler' driver.
DEBUG - 2026-07-20 08:29:10 --> Session: Class initialized using 'CodeIgniter\Session\Handlers\FileHandler' driver.
DEBUG - 2026-07-20 08:29:10 --> Session: Class initialized using 'CodeIgniter\Session\Handlers\FileHandler' driver.
DEBUG - 2026-07-20 08:29:13 --> Session: Class initialized using 'CodeIgniter\Session\Handlers\FileHandler' driver.
DEBUG - 2026-07-20 08:29:13 --> Session: Class initialized using 'CodeIgniter\Session\Handlers\FileHandler' driver.
DEBUG - 2026-07-20 08:29:13 --> Session: Class initialized using 'CodeIgniter\Session\Handlers\FileHandler' driver.
DEBUG - 2026-07-20 08:29:20 --> Session: Class initialized using 'CodeIgniter\Session\Handlers\FileHandler' driver.
DEBUG - 2026-07-20 08:29:20 --> Session: Class initialized using 'CodeIgniter\Session\Handlers\FileHandler' driver.
DEBUG - 2026-07-20 08:29:20 --> Session: Class initialized using 'CodeIgniter\Session\Handlers\FileHandler' driver.
DEBUG - 2026-07-20 08:29:26 --> Session: Class initialized using 'CodeIgniter\Session\Handlers\FileHandler' driver.
DEBUG - 2026-07-20 08:29:28 --> Session: Class initialized using 'CodeIgniter\Session\Handlers\FileHandler' driver.
